#
# There is insufficient memory for the Java Runtime Environment to continue.
# Native memory allocation (mmap) failed to map 65536 bytes for Failed to commit metaspace.
# Possible reasons:
#   The system is out of physical RAM or swap space
#   The process is running with CompressedOops enabled, and the Java Heap may be blocking the growth of the native heap
# Possible solutions:
#   Reduce memory load on the system
#   Increase physical memory or swap space
#   Check if swap backing store is full
#   Decrease Java heap size (-Xmx/-Xms)
#   Decrease number of Java threads
#   Decrease Java thread stack sizes (-Xss)
#   Set larger code cache with -XX:ReservedCodeCacheSize=
#   JVM is running with Unscaled Compressed Oops mode in which the Java heap is
#     placed in the first 4GB address space. The Java Heap base address is the
#     maximum limit for the native heap growth. Please use -XX:HeapBaseMinAddress
#     to set the Java Heap base and to place the Java Heap above 4GB virtual address.
# This output file may be truncated or incomplete.
#
#  Out of Memory Error (virtualSpaceNode.cpp:110), pid=58220, tid=38348
#
# JRE version: OpenJDK Runtime Environment Temurin-19+36 (19.0+36) (build 19+36)
# Java VM: OpenJDK 64-Bit Server VM Temurin-19+36 (19+36, mixed mode, tiered, compressed oops, compressed class ptrs, g1 gc, windows-amd64)
# No core dump will be written. Minidumps are not enabled by default on client versions of Windows
#

---------------  S U M M A R Y ------------

Command Line: -Dfile.encoding=UTF-8 -XX:+ShowCodeDetailsInExceptionMessages main.java.views.main.components.dashboard.HeaderPanel

Host: Intel(R) Core(TM) i5-1035G1 CPU @ 1.00GHz, 8 cores, 7G,  Windows 10 , 64 bit Build 19041 (10.0.19041.3636)
Time: Mon Dec 18 22:20:33 2023 SE Asia Standard Time elapsed time: 0.373157 seconds (0d 0h 0m 0s)

---------------  T H R E A D  ---------------

Current thread (0x000001f3bd45dce0):  JavaThread "AWT-EventQueue-0" [_thread_in_vm, id=38348, stack(0x000000156c400000,0x000000156c500000)]

Stack: [0x000000156c400000,0x000000156c500000]
Native frames: (J=compiled Java code, j=interpreted, Vv=VM code, C=native code)
V  [jvm.dll+0x6ea7da]
V  [jvm.dll+0x8a3d50]
V  [jvm.dll+0x8a573e]
V  [jvm.dll+0x8a5df3]
V  [jvm.dll+0x27bbcf]
V  [jvm.dll+0x89f91b]
V  [jvm.dll+0x68da06]
V  [jvm.dll+0x1eb21e]
V  [jvm.dll+0x69042b]
V  [jvm.dll+0x69022e]
V  [jvm.dll+0x68e40e]
V  [jvm.dll+0x2793cc]
V  [jvm.dll+0x73fa7d]
V  [jvm.dll+0x74049f]
V  [jvm.dll+0x3c4e19]
V  [jvm.dll+0x3c4cdb]
V  [jvm.dll+0x3c4cdb]
V  [jvm.dll+0x3c4ca6]
V  [jvm.dll+0x3c4ca6]
V  [jvm.dll+0x3c3f84]
V  [jvm.dll+0x3c3f28]
V  [jvm.dll+0x3d579a]
C  0x000001f3a98ada94

Java frames: (J=compiled Java code, j=interpreted, Vv=VM code)
j  javax.swing.JTextField.<clinit>()V+6 java.desktop@19
v  ~StubRoutines::call_stub 0x000001f3a98810e8
j  main.java.views.main.components.dashboard.HeaderPanel.<init>()V+181
j  main.java.views.main.components.dashboard.HeaderPanel$1.run()V+12
j  java.awt.event.InvocationEvent.dispatch()V+47 java.desktop@19
j  java.awt.EventQueue.dispatchEventImpl(Ljava/awt/AWTEvent;Ljava/lang/Object;)V+21 java.desktop@19
j  java.awt.EventQueue$4.run()Ljava/lang/Void;+32 java.desktop@19
j  java.awt.EventQueue$4.run()Ljava/lang/Object;+1 java.desktop@19
j  java.security.AccessController.executePrivileged(Ljava/security/PrivilegedAction;Ljava/security/AccessControlContext;Ljava/lang/Class;)Ljava/lang/Object;+29 java.base@19
j  java.security.AccessController.doPrivileged(Ljava/security/PrivilegedAction;Ljava/security/AccessControlContext;)Ljava/lang/Object;+13 java.base@19
j  java.security.ProtectionDomain$JavaSecurityAccessImpl.doIntersectionPrivilege(Ljava/security/PrivilegedAction;Ljava/security/AccessControlContext;Ljava/security/AccessControlContext;)Ljava/lang/Object;+18 java.base@19
j  java.awt.EventQueue.dispatchEvent(Ljava/awt/AWTEvent;)V+46 java.desktop@19
j  java.awt.EventDispatchThread.pumpOneEventForFilters(I)V+81 java.desktop@19
j  java.awt.EventDispatchThread.pumpEventsForFilter(ILjava/awt/Conditional;Ljava/awt/EventFilter;)V+35 java.desktop@19
j  java.awt.EventDispatchThread.pumpEventsForHierarchy(ILjava/awt/Conditional;Ljava/awt/Component;)V+11 java.desktop@19
j  java.awt.EventDispatchThread.pumpEvents(ILjava/awt/Conditional;)V+4 java.desktop@19
j  java.awt.EventDispatchThread.pumpEvents(Ljava/awt/Conditional;)V+3 java.desktop@19
j  java.awt.EventDispatchThread.run()V+9 java.desktop@19
v  ~StubRoutines::call_stub 0x000001f3a98810e8

---------------  P R O C E S S  ---------------

Threads class SMR info:
_java_thread_list=0x000001f3bd891870, length=16, elements={
0x000001f3bd47b430, 0x000001f3bd47cb00, 0x000001f3bd487f10, 0x000001f3bd488a30,
0x000001f3bd469750, 0x000001f3bd4827b0, 0x000001f3bd453010, 0x000001f3bd456130,
0x000001f3bd45b7b0, 0x000001f3bd45bd00, 0x000001f3bd45c250, 0x000001f3bd45e230,
0x000001f3bd45c7a0, 0x000001f3bd45ccf0, 0x000001f3bd45dce0, 0x000001f3bd45e780
}

Java Threads: ( => current thread )
  0x000001f3bd47b430 JavaThread "Reference Handler" daemon [_thread_blocked, id=31348, stack(0x000000156b500000,0x000000156b600000)]
  0x000001f3bd47cb00 JavaThread "Finalizer" daemon [_thread_blocked, id=65928, stack(0x000000156b600000,0x000000156b700000)]
  0x000001f3bd487f10 JavaThread "Signal Dispatcher" daemon [_thread_blocked, id=33500, stack(0x000000156b700000,0x000000156b800000)]
  0x000001f3bd488a30 JavaThread "Attach Listener" daemon [_thread_blocked, id=49660, stack(0x000000156b800000,0x000000156b900000)]
  0x000001f3bd469750 JavaThread "Service Thread" daemon [_thread_blocked, id=58612, stack(0x000000156b900000,0x000000156ba00000)]
  0x000001f3bd4827b0 JavaThread "Monitor Deflation Thread" daemon [_thread_blocked, id=59304, stack(0x000000156ba00000,0x000000156bb00000)]
  0x000001f3bd453010 JavaThread "C2 CompilerThread0" daemon [_thread_blocked, id=12628, stack(0x000000156bb00000,0x000000156bc00000)]
  0x000001f3bd456130 JavaThread "C1 CompilerThread0" daemon [_thread_blocked, id=62336, stack(0x000000156bc00000,0x000000156bd00000)]
  0x000001f3bd45b7b0 JavaThread "Sweeper thread" daemon [_thread_blocked, id=20856, stack(0x000000156bd00000,0x000000156be00000)]
  0x000001f3bd45bd00 JavaThread "Notification Thread" daemon [_thread_blocked, id=55364, stack(0x000000156be00000,0x000000156bf00000)]
  0x000001f3bd45c250 JavaThread "Common-Cleaner" daemon [_thread_blocked, id=61036, stack(0x000000156c000000,0x000000156c100000)]
  0x000001f3bd45e230 JavaThread "Java2D Disposer" daemon [_thread_blocked, id=63252, stack(0x000000156c100000,0x000000156c200000)]
  0x000001f3bd45c7a0 JavaThread "AWT-Shutdown" [_thread_blocked, id=41184, stack(0x000000156c200000,0x000000156c300000)]
  0x000001f3bd45ccf0 JavaThread "AWT-Windows" daemon [_thread_in_native, id=16396, stack(0x000000156c300000,0x000000156c400000)]
=>0x000001f3bd45dce0 JavaThread "AWT-EventQueue-0" [_thread_in_vm, id=38348, stack(0x000000156c400000,0x000000156c500000)]
  0x000001f3bd45e780 JavaThread "DestroyJavaVM" [_thread_blocked, id=79816, stack(0x000000156ae00000,0x000000156af00000)]

Other Threads:
  0x000001f3b92d0fc0 VMThread "VM Thread" [stack: 0x000000156b400000,0x000000156b500000] [id=40232]
  0x000001f3bd6050f0 WatcherThread "VM Periodic Task Thread" [stack: 0x000000156bf00000,0x000000156c000000] [id=36696]
  0x000001f39d2ae7d0 WorkerThread "GC Thread#0" [stack: 0x000000156af00000,0x000000156b000000] [id=61456]
  0x000001f39d2bf9b0 ConcurrentGCThread "G1 Main Marker" [stack: 0x000000156b000000,0x000000156b100000] [id=38196]
  0x000001f39d2c03e0 WorkerThread "G1 Conc#0" [stack: 0x000000156b100000,0x000000156b200000] [id=55036]
  0x000001f39d31eb20 ConcurrentGCThread "G1 Refine#0" [stack: 0x000000156b200000,0x000000156b300000] [id=9884]
  0x000001f3b9124810 ConcurrentGCThread "G1 Service" [stack: 0x000000156b300000,0x000000156b400000] [id=61636]

Threads with active compile tasks:

VM state: not at safepoint (normal execution)

VM Mutex/Monitor currently owned by a thread:  ([mutex/lock_event])
[0x000001f39d247b40] Metaspace_lock - owner thread: 0x000001f3bd45dce0

Heap address: 0x0000000083600000, size: 1994 MB, Compressed Oops mode: 32-bit

CDS archive(s) not mapped
Compressed class space mapped at: 0x0000000100000000-0x0000000140000000, reserved size: 1073741824
Narrow klass base: 0x0000000000000000, Narrow klass shift: 3, Narrow klass range: 0x140000000

GC Precious Log:
 CardTable entry size: 512
 Card Set container configuration: InlinePtr #cards 5 size 8 Array Of Cards #cards 12 size 40 Howl #buckets 4 coarsen threshold 1843 Howl Bitmap #cards 512 size 80 coarsen threshold 460 Card regions per heap region 1 cards per card region 2048
 CPUs: 8 total, 8 available
 Memory: 7973M
 Large Page Support: Disabled
 NUMA Support: Disabled
 Compressed Oops: Enabled (32-bit)
 Heap Region Size: 1M
 Heap Min Capacity: 8M
 Heap Initial Capacity: 126M
 Heap Max Capacity: 1994M
 Pre-touch: Disabled
 Parallel Workers: 8
 Concurrent Workers: 2
 Concurrent Refinement Workers: 8
 Periodic GC: Disabled

Heap:
 garbage-first heap   total 129024K, used 5120K [0x0000000083600000, 0x0000000100000000)
  region size 1024K, 6 young (6144K), 0 survivors (0K)
 Metaspace       used 11145K, committed 11264K, reserved 1114112K
  class space    used 1027K, committed 1088K, reserved 1048576K

Heap Regions: E=young(eden), S=young(survivor), O=old, HS=humongous(starts), HC=humongous(continues), CS=collection set, F=free, OA=open archive, CA=closed archive, TAMS=top-at-mark-start (previous, next)
|   0|0x0000000083600000, 0x0000000083600000, 0x0000000083700000|  0%| F|  |TAMS 0x0000000083600000, 0x0000000083600000| Untracked 
|   1|0x0000000083700000, 0x0000000083700000, 0x0000000083800000|  0%| F|  |TAMS 0x0000000083700000, 0x0000000083700000| Untracked 
|   2|0x0000000083800000, 0x0000000083800000, 0x0000000083900000|  0%| F|  |TAMS 0x0000000083800000, 0x0000000083800000| Untracked 
|   3|0x0000000083900000, 0x0000000083900000, 0x0000000083a00000|  0%| F|  |TAMS 0x0000000083900000, 0x0000000083900000| Untracked 
|   4|0x0000000083a00000, 0x0000000083a00000, 0x0000000083b00000|  0%| F|  |TAMS 0x0000000083a00000, 0x0000000083a00000| Untracked 
|   5|0x0000000083b00000, 0x0000000083b00000, 0x0000000083c00000|  0%| F|  |TAMS 0x0000000083b00000, 0x0000000083b00000| Untracked 
|   6|0x0000000083c00000, 0x0000000083c00000, 0x0000000083d00000|  0%| F|  |TAMS 0x0000000083c00000, 0x0000000083c00000| Untracked 
|   7|0x0000000083d00000, 0x0000000083d00000, 0x0000000083e00000|  0%| F|  |TAMS 0x0000000083d00000, 0x0000000083d00000| Untracked 
|   8|0x0000000083e00000, 0x0000000083e00000, 0x0000000083f00000|  0%| F|  |TAMS 0x0000000083e00000, 0x0000000083e00000| Untracked 
|   9|0x0000000083f00000, 0x0000000083f00000, 0x0000000084000000|  0%| F|  |TAMS 0x0000000083f00000, 0x0000000083f00000| Untracked 
|  10|0x0000000084000000, 0x0000000084000000, 0x0000000084100000|  0%| F|  |TAMS 0x0000000084000000, 0x0000000084000000| Untracked 
|  11|0x0000000084100000, 0x0000000084100000, 0x0000000084200000|  0%| F|  |TAMS 0x0000000084100000, 0x0000000084100000| Untracked 
|  12|0x0000000084200000, 0x0000000084200000, 0x0000000084300000|  0%| F|  |TAMS 0x0000000084200000, 0x0000000084200000| Untracked 
|  13|0x0000000084300000, 0x0000000084300000, 0x0000000084400000|  0%| F|  |TAMS 0x0000000084300000, 0x0000000084300000| Untracked 
|  14|0x0000000084400000, 0x0000000084400000, 0x0000000084500000|  0%| F|  |TAMS 0x0000000084400000, 0x0000000084400000| Untracked 
|  15|0x0000000084500000, 0x0000000084500000, 0x0000000084600000|  0%| F|  |TAMS 0x0000000084500000, 0x0000000084500000| Untracked 
|  16|0x0000000084600000, 0x0000000084600000, 0x0000000084700000|  0%| F|  |TAMS 0x0000000084600000, 0x0000000084600000| Untracked 
|  17|0x0000000084700000, 0x0000000084700000, 0x0000000084800000|  0%| F|  |TAMS 0x0000000084700000, 0x0000000084700000| Untracked 
|  18|0x0000000084800000, 0x0000000084800000, 0x0000000084900000|  0%| F|  |TAMS 0x0000000084800000, 0x0000000084800000| Untracked 
|  19|0x0000000084900000, 0x0000000084900000, 0x0000000084a00000|  0%| F|  |TAMS 0x0000000084900000, 0x0000000084900000| Untracked 
|  20|0x0000000084a00000, 0x0000000084a00000, 0x0000000084b00000|  0%| F|  |TAMS 0x0000000084a00000, 0x0000000084a00000| Untracked 
|  21|0x0000000084b00000, 0x0000000084b00000, 0x0000000084c00000|  0%| F|  |TAMS 0x0000000084b00000, 0x0000000084b00000| Untracked 
|  22|0x0000000084c00000, 0x0000000084c00000, 0x0000000084d00000|  0%| F|  |TAMS 0x0000000084c00000, 0x0000000084c00000| Untracked 
|  23|0x0000000084d00000, 0x0000000084d00000, 0x0000000084e00000|  0%| F|  |TAMS 0x0000000084d00000, 0x0000000084d00000| Untracked 
|  24|0x0000000084e00000, 0x0000000084e00000, 0x0000000084f00000|  0%| F|  |TAMS 0x0000000084e00000, 0x0000000084e00000| Untracked 
|  25|0x0000000084f00000, 0x0000000084f00000, 0x0000000085000000|  0%| F|  |TAMS 0x0000000084f00000, 0x0000000084f00000| Untracked 
|  26|0x0000000085000000, 0x0000000085000000, 0x0000000085100000|  0%| F|  |TAMS 0x0000000085000000, 0x0000000085000000| Untracked 
|  27|0x0000000085100000, 0x0000000085100000, 0x0000000085200000|  0%| F|  |TAMS 0x0000000085100000, 0x0000000085100000| Untracked 
|  28|0x0000000085200000, 0x0000000085200000, 0x0000000085300000|  0%| F|  |TAMS 0x0000000085200000, 0x0000000085200000| Untracked 
|  29|0x0000000085300000, 0x0000000085300000, 0x0000000085400000|  0%| F|  |TAMS 0x0000000085300000, 0x0000000085300000| Untracked 
|  30|0x0000000085400000, 0x0000000085400000, 0x0000000085500000|  0%| F|  |TAMS 0x0000000085400000, 0x0000000085400000| Untracked 
|  31|0x0000000085500000, 0x0000000085500000, 0x0000000085600000|  0%| F|  |TAMS 0x0000000085500000, 0x0000000085500000| Untracked 
|  32|0x0000000085600000, 0x0000000085600000, 0x0000000085700000|  0%| F|  |TAMS 0x0000000085600000, 0x0000000085600000| Untracked 
|  33|0x0000000085700000, 0x0000000085700000, 0x0000000085800000|  0%| F|  |TAMS 0x0000000085700000, 0x0000000085700000| Untracked 
|  34|0x0000000085800000, 0x0000000085800000, 0x0000000085900000|  0%| F|  |TAMS 0x0000000085800000, 0x0000000085800000| Untracked 
|  35|0x0000000085900000, 0x0000000085900000, 0x0000000085a00000|  0%| F|  |TAMS 0x0000000085900000, 0x0000000085900000| Untracked 
|  36|0x0000000085a00000, 0x0000000085a00000, 0x0000000085b00000|  0%| F|  |TAMS 0x0000000085a00000, 0x0000000085a00000| Untracked 
|  37|0x0000000085b00000, 0x0000000085b00000, 0x0000000085c00000|  0%| F|  |TAMS 0x0000000085b00000, 0x0000000085b00000| Untracked 
|  38|0x0000000085c00000, 0x0000000085c00000, 0x0000000085d00000|  0%| F|  |TAMS 0x0000000085c00000, 0x0000000085c00000| Untracked 
|  39|0x0000000085d00000, 0x0000000085d00000, 0x0000000085e00000|  0%| F|  |TAMS 0x0000000085d00000, 0x0000000085d00000| Untracked 
|  40|0x0000000085e00000, 0x0000000085e00000, 0x0000000085f00000|  0%| F|  |TAMS 0x0000000085e00000, 0x0000000085e00000| Untracked 
|  41|0x0000000085f00000, 0x0000000085f00000, 0x0000000086000000|  0%| F|  |TAMS 0x0000000085f00000, 0x0000000085f00000| Untracked 
|  42|0x0000000086000000, 0x0000000086000000, 0x0000000086100000|  0%| F|  |TAMS 0x0000000086000000, 0x0000000086000000| Untracked 
|  43|0x0000000086100000, 0x0000000086100000, 0x0000000086200000|  0%| F|  |TAMS 0x0000000086100000, 0x0000000086100000| Untracked 
|  44|0x0000000086200000, 0x0000000086200000, 0x0000000086300000|  0%| F|  |TAMS 0x0000000086200000, 0x0000000086200000| Untracked 
|  45|0x0000000086300000, 0x0000000086300000, 0x0000000086400000|  0%| F|  |TAMS 0x0000000086300000, 0x0000000086300000| Untracked 
|  46|0x0000000086400000, 0x0000000086400000, 0x0000000086500000|  0%| F|  |TAMS 0x0000000086400000, 0x0000000086400000| Untracked 
|  47|0x0000000086500000, 0x0000000086500000, 0x0000000086600000|  0%| F|  |TAMS 0x0000000086500000, 0x0000000086500000| Untracked 
|  48|0x0000000086600000, 0x0000000086600000, 0x0000000086700000|  0%| F|  |TAMS 0x0000000086600000, 0x0000000086600000| Untracked 
|  49|0x0000000086700000, 0x0000000086700000, 0x0000000086800000|  0%| F|  |TAMS 0x0000000086700000, 0x0000000086700000| Untracked 
|  50|0x0000000086800000, 0x0000000086800000, 0x0000000086900000|  0%| F|  |TAMS 0x0000000086800000, 0x0000000086800000| Untracked 
|  51|0x0000000086900000, 0x0000000086900000, 0x0000000086a00000|  0%| F|  |TAMS 0x0000000086900000, 0x0000000086900000| Untracked 
|  52|0x0000000086a00000, 0x0000000086a00000, 0x0000000086b00000|  0%| F|  |TAMS 0x0000000086a00000, 0x0000000086a00000| Untracked 
|  53|0x0000000086b00000, 0x0000000086b00000, 0x0000000086c00000|  0%| F|  |TAMS 0x0000000086b00000, 0x0000000086b00000| Untracked 
|  54|0x0000000086c00000, 0x0000000086c00000, 0x0000000086d00000|  0%| F|  |TAMS 0x0000000086c00000, 0x0000000086c00000| Untracked 
|  55|0x0000000086d00000, 0x0000000086d00000, 0x0000000086e00000|  0%| F|  |TAMS 0x0000000086d00000, 0x0000000086d00000| Untracked 
|  56|0x0000000086e00000, 0x0000000086e00000, 0x0000000086f00000|  0%| F|  |TAMS 0x0000000086e00000, 0x0000000086e00000| Untracked 
|  57|0x0000000086f00000, 0x0000000086f00000, 0x0000000087000000|  0%| F|  |TAMS 0x0000000086f00000, 0x0000000086f00000| Untracked 
|  58|0x0000000087000000, 0x0000000087000000, 0x0000000087100000|  0%| F|  |TAMS 0x0000000087000000, 0x0000000087000000| Untracked 
|  59|0x0000000087100000, 0x0000000087100000, 0x0000000087200000|  0%| F|  |TAMS 0x0000000087100000, 0x0000000087100000| Untracked 
|  60|0x0000000087200000, 0x0000000087200000, 0x0000000087300000|  0%| F|  |TAMS 0x0000000087200000, 0x0000000087200000| Untracked 
|  61|0x0000000087300000, 0x0000000087300000, 0x0000000087400000|  0%| F|  |TAMS 0x0000000087300000, 0x0000000087300000| Untracked 
|  62|0x0000000087400000, 0x0000000087400000, 0x0000000087500000|  0%| F|  |TAMS 0x0000000087400000, 0x0000000087400000| Untracked 
|  63|0x0000000087500000, 0x0000000087500000, 0x0000000087600000|  0%| F|  |TAMS 0x0000000087500000, 0x0000000087500000| Untracked 
|  64|0x0000000087600000, 0x0000000087600000, 0x0000000087700000|  0%| F|  |TAMS 0x0000000087600000, 0x0000000087600000| Untracked 
|  65|0x0000000087700000, 0x0000000087700000, 0x0000000087800000|  0%| F|  |TAMS 0x0000000087700000, 0x0000000087700000| Untracked 
|  66|0x0000000087800000, 0x0000000087800000, 0x0000000087900000|  0%| F|  |TAMS 0x0000000087800000, 0x0000000087800000| Untracked 
|  67|0x0000000087900000, 0x0000000087900000, 0x0000000087a00000|  0%| F|  |TAMS 0x0000000087900000, 0x0000000087900000| Untracked 
|  68|0x0000000087a00000, 0x0000000087a00000, 0x0000000087b00000|  0%| F|  |TAMS 0x0000000087a00000, 0x0000000087a00000| Untracked 
|  69|0x0000000087b00000, 0x0000000087b00000, 0x0000000087c00000|  0%| F|  |TAMS 0x0000000087b00000, 0x0000000087b00000| Untracked 
|  70|0x0000000087c00000, 0x0000000087c00000, 0x0000000087d00000|  0%| F|  |TAMS 0x0000000087c00000, 0x0000000087c00000| Untracked 
|  71|0x0000000087d00000, 0x0000000087d00000, 0x0000000087e00000|  0%| F|  |TAMS 0x0000000087d00000, 0x0000000087d00000| Untracked 
|  72|0x0000000087e00000, 0x0000000087e00000, 0x0000000087f00000|  0%| F|  |TAMS 0x0000000087e00000, 0x0000000087e00000| Untracked 
|  73|0x0000000087f00000, 0x0000000087f00000, 0x0000000088000000|  0%| F|  |TAMS 0x0000000087f00000, 0x0000000087f00000| Untracked 
|  74|0x0000000088000000, 0x0000000088000000, 0x0000000088100000|  0%| F|  |TAMS 0x0000000088000000, 0x0000000088000000| Untracked 
|  75|0x0000000088100000, 0x0000000088100000, 0x0000000088200000|  0%| F|  |TAMS 0x0000000088100000, 0x0000000088100000| Untracked 
|  76|0x0000000088200000, 0x0000000088200000, 0x0000000088300000|  0%| F|  |TAMS 0x0000000088200000, 0x0000000088200000| Untracked 
|  77|0x0000000088300000, 0x0000000088300000, 0x0000000088400000|  0%| F|  |TAMS 0x0000000088300000, 0x0000000088300000| Untracked 
|  78|0x0000000088400000, 0x0000000088400000, 0x0000000088500000|  0%| F|  |TAMS 0x0000000088400000, 0x0000000088400000| Untracked 
|  79|0x0000000088500000, 0x0000000088500000, 0x0000000088600000|  0%| F|  |TAMS 0x0000000088500000, 0x0000000088500000| Untracked 
|  80|0x0000000088600000, 0x0000000088600000, 0x0000000088700000|  0%| F|  |TAMS 0x0000000088600000, 0x0000000088600000| Untracked 
|  81|0x0000000088700000, 0x0000000088700000, 0x0000000088800000|  0%| F|  |TAMS 0x0000000088700000, 0x0000000088700000| Untracked 
|  82|0x0000000088800000, 0x0000000088800000, 0x0000000088900000|  0%| F|  |TAMS 0x0000000088800000, 0x0000000088800000| Untracked 
|  83|0x0000000088900000, 0x0000000088900000, 0x0000000088a00000|  0%| F|  |TAMS 0x0000000088900000, 0x0000000088900000| Untracked 
|  84|0x0000000088a00000, 0x0000000088a00000, 0x0000000088b00000|  0%| F|  |TAMS 0x0000000088a00000, 0x0000000088a00000| Untracked 
|  85|0x0000000088b00000, 0x0000000088b00000, 0x0000000088c00000|  0%| F|  |TAMS 0x0000000088b00000, 0x0000000088b00000| Untracked 
|  86|0x0000000088c00000, 0x0000000088c00000, 0x0000000088d00000|  0%| F|  |TAMS 0x0000000088c00000, 0x0000000088c00000| Untracked 
|  87|0x0000000088d00000, 0x0000000088d00000, 0x0000000088e00000|  0%| F|  |TAMS 0x0000000088d00000, 0x0000000088d00000| Untracked 
|  88|0x0000000088e00000, 0x0000000088e00000, 0x0000000088f00000|  0%| F|  |TAMS 0x0000000088e00000, 0x0000000088e00000| Untracked 
|  89|0x0000000088f00000, 0x0000000088f00000, 0x0000000089000000|  0%| F|  |TAMS 0x0000000088f00000, 0x0000000088f00000| Untracked 
|  90|0x0000000089000000, 0x0000000089000000, 0x0000000089100000|  0%| F|  |TAMS 0x0000000089000000, 0x0000000089000000| Untracked 
|  91|0x0000000089100000, 0x0000000089100000, 0x0000000089200000|  0%| F|  |TAMS 0x0000000089100000, 0x0000000089100000| Untracked 
|  92|0x0000000089200000, 0x0000000089200000, 0x0000000089300000|  0%| F|  |TAMS 0x0000000089200000, 0x0000000089200000| Untracked 
|  93|0x0000000089300000, 0x0000000089300000, 0x0000000089400000|  0%| F|  |TAMS 0x0000000089300000, 0x0000000089300000| Untracked 
|  94|0x0000000089400000, 0x0000000089400000, 0x0000000089500000|  0%| F|  |TAMS 0x0000000089400000, 0x0000000089400000| Untracked 
|  95|0x0000000089500000, 0x0000000089500000, 0x0000000089600000|  0%| F|  |TAMS 0x0000000089500000, 0x0000000089500000| Untracked 
|  96|0x0000000089600000, 0x0000000089600000, 0x0000000089700000|  0%| F|  |TAMS 0x0000000089600000, 0x0000000089600000| Untracked 
|  97|0x0000000089700000, 0x0000000089700000, 0x0000000089800000|  0%| F|  |TAMS 0x0000000089700000, 0x0000000089700000| Untracked 
|  98|0x0000000089800000, 0x0000000089800000, 0x0000000089900000|  0%| F|  |TAMS 0x0000000089800000, 0x0000000089800000| Untracked 
|  99|0x0000000089900000, 0x0000000089900000, 0x0000000089a00000|  0%| F|  |TAMS 0x0000000089900000, 0x0000000089900000| Untracked 
| 100|0x0000000089a00000, 0x0000000089a00000, 0x0000000089b00000|  0%| F|  |TAMS 0x0000000089a00000, 0x0000000089a00000| Untracked 
| 101|0x0000000089b00000, 0x0000000089b00000, 0x0000000089c00000|  0%| F|  |TAMS 0x0000000089b00000, 0x0000000089b00000| Untracked 
| 102|0x0000000089c00000, 0x0000000089c00000, 0x0000000089d00000|  0%| F|  |TAMS 0x0000000089c00000, 0x0000000089c00000| Untracked 
| 103|0x0000000089d00000, 0x0000000089d00000, 0x0000000089e00000|  0%| F|  |TAMS 0x0000000089d00000, 0x0000000089d00000| Untracked 
| 104|0x0000000089e00000, 0x0000000089e00000, 0x0000000089f00000|  0%| F|  |TAMS 0x0000000089e00000, 0x0000000089e00000| Untracked 
| 105|0x0000000089f00000, 0x0000000089f00000, 0x000000008a000000|  0%| F|  |TAMS 0x0000000089f00000, 0x0000000089f00000| Untracked 
| 106|0x000000008a000000, 0x000000008a000000, 0x000000008a100000|  0%| F|  |TAMS 0x000000008a000000, 0x000000008a000000| Untracked 
| 107|0x000000008a100000, 0x000000008a100000, 0x000000008a200000|  0%| F|  |TAMS 0x000000008a100000, 0x000000008a100000| Untracked 
| 108|0x000000008a200000, 0x000000008a200000, 0x000000008a300000|  0%| F|  |TAMS 0x000000008a200000, 0x000000008a200000| Untracked 
| 109|0x000000008a300000, 0x000000008a300000, 0x000000008a400000|  0%| F|  |TAMS 0x000000008a300000, 0x000000008a300000| Untracked 
| 110|0x000000008a400000, 0x000000008a400000, 0x000000008a500000|  0%| F|  |TAMS 0x000000008a400000, 0x000000008a400000| Untracked 
| 111|0x000000008a500000, 0x000000008a500000, 0x000000008a600000|  0%| F|  |TAMS 0x000000008a500000, 0x000000008a500000| Untracked 
| 112|0x000000008a600000, 0x000000008a600000, 0x000000008a700000|  0%| F|  |TAMS 0x000000008a600000, 0x000000008a600000| Untracked 
| 113|0x000000008a700000, 0x000000008a700000, 0x000000008a800000|  0%| F|  |TAMS 0x000000008a700000, 0x000000008a700000| Untracked 
| 114|0x000000008a800000, 0x000000008a800000, 0x000000008a900000|  0%| F|  |TAMS 0x000000008a800000, 0x000000008a800000| Untracked 
| 115|0x000000008a900000, 0x000000008a900000, 0x000000008aa00000|  0%| F|  |TAMS 0x000000008a900000, 0x000000008a900000| Untracked 
| 116|0x000000008aa00000, 0x000000008aa00000, 0x000000008ab00000|  0%| F|  |TAMS 0x000000008aa00000, 0x000000008aa00000| Untracked 
| 117|0x000000008ab00000, 0x000000008ab00000, 0x000000008ac00000|  0%| F|  |TAMS 0x000000008ab00000, 0x000000008ab00000| Untracked 
| 118|0x000000008ac00000, 0x000000008ac00000, 0x000000008ad00000|  0%| F|  |TAMS 0x000000008ac00000, 0x000000008ac00000| Untracked 
| 119|0x000000008ad00000, 0x000000008ad00000, 0x000000008ae00000|  0%| F|  |TAMS 0x000000008ad00000, 0x000000008ad00000| Untracked 
| 120|0x000000008ae00000, 0x000000008aeec100, 0x000000008af00000| 92%| E|  |TAMS 0x000000008ae00000, 0x000000008ae00000| Complete 
| 121|0x000000008af00000, 0x000000008b000000, 0x000000008b000000|100%| E|CS|TAMS 0x000000008af00000, 0x000000008af00000| Complete 
| 122|0x000000008b000000, 0x000000008b100000, 0x000000008b100000|100%| E|CS|TAMS 0x000000008b000000, 0x000000008b000000| Complete 
| 123|0x000000008b100000, 0x000000008b200000, 0x000000008b200000|100%| E|CS|TAMS 0x000000008b100000, 0x000000008b100000| Complete 
| 124|0x000000008b200000, 0x000000008b300000, 0x000000008b300000|100%| E|CS|TAMS 0x000000008b200000, 0x000000008b200000| Complete 
| 125|0x000000008b300000, 0x000000008b400000, 0x000000008b400000|100%| E|CS|TAMS 0x000000008b300000, 0x000000008b300000| Complete 

Card table byte_map: [0x000001f3b21a0000,0x000001f3b2590000] _byte_map_base: 0x000001f3b1d85000

Marking Bits (Prev, Next): (CMBitMap*) 0x000001f39d2aee00, (CMBitMap*) 0x000001f39d2aee40
 Prev Bits: [0x000001f3b2980000, 0x000001f3b48a8000)
 Next Bits: [0x000001f3b48b0000, 0x000001f3b67d8000)

Polling page: 0x000001f39d320000

Metaspace:

Usage:
  Non-class:      9.88 MB used.
      Class:      1.00 MB used.
       Both:     10.88 MB used.

Virtual space:
  Non-class space:       64.00 MB reserved,       9.94 MB ( 16%) committed,  1 nodes.
      Class space:        1.00 GB reserved,       1.06 MB ( <1%) committed,  1 nodes.
             Both:        1.06 GB reserved,      11.00 MB (  1%) committed. 

Chunk freelists:
   Non-Class:  2.02 MB
       Class:  2.75 MB
        Both:  4.77 MB

MaxMetaspaceSize: unlimited
CompressedClassSpaceSize: 1.00 GB
Initial GC threshold: 21.00 MB
Current GC threshold: 21.00 MB
CDS: off
MetaspaceReclaimPolicy: balanced
 - commit_granule_bytes: 65536.
 - commit_granule_words: 8192.
 - virtual_space_node_default_size: 8388608.
 - enlarge_chunks_in_place: 1.
 - new_chunks_are_fully_committed: 0.
 - uncommit_free_chunks: 1.
 - use_allocation_guard: 0.


Internal statistics:

num_allocs_failed_limit: 0.
num_arena_births: 116.
num_arena_deaths: 0.
num_vsnodes_births: 2.
num_vsnodes_deaths: 0.
num_space_committed: 176.
num_space_uncommitted: 0.
num_chunks_returned_to_freelist: 0.
num_chunks_taken_from_freelist: 152.
num_chunk_merges: 0.
num_chunk_splits: 91.
num_chunks_enlarged: 57.
num_inconsistent_stats: 0.

CodeHeap 'non-profiled nmethods': size=120000Kb used=130Kb max_used=130Kb free=119869Kb
 bounds [0x000001f3a9e20000, 0x000001f3aa090000, 0x000001f3b1350000]
CodeHeap 'profiled nmethods': size=120000Kb used=675Kb max_used=675Kb free=119325Kb
 bounds [0x000001f3a2350000, 0x000001f3a25c0000, 0x000001f3a9880000]
CodeHeap 'non-nmethods': size=5760Kb used=1299Kb max_used=1313Kb free=4460Kb
 bounds [0x000001f3a9880000, 0x000001f3a9af0000, 0x000001f3a9e20000]
 total_blobs=985 nmethods=475 adapters=421
 compilation: enabled
              stopped_count=0, restarted_count=0
 full_count=0

Compilation events (20 events):
Event: 0.361 Thread 0x000001f3bd456130 nmethod 465 0x000001f3a23f5910 code [0x000001f3a23f5ac0, 0x000001f3a23f5c88]
Event: 0.361 Thread 0x000001f3bd456130  466       3       java.lang.invoke.ConstantCallSite::getTarget (20 bytes)
Event: 0.361 Thread 0x000001f3bd456130 nmethod 466 0x000001f3a23f5d90 code [0x000001f3a23f5f40, 0x000001f3a23f6148]
Event: 0.361 Thread 0x000001f3bd453010 nmethod 464 0x000001f3a9e3fb90 code [0x000001f3a9e3fd20, 0x000001f3a9e3fe58]
Event: 0.362 Thread 0x000001f3bd456130  467       3       java.lang.Enum::<init> (15 bytes)
Event: 0.362 Thread 0x000001f3bd456130 nmethod 467 0x000001f3a23f6210 code [0x000001f3a23f63c0, 0x000001f3a23f6578]
Event: 0.362 Thread 0x000001f3bd456130  468       3       jdk.internal.access.SharedSecrets::getJavaLangAccess (4 bytes)
Event: 0.362 Thread 0x000001f3bd456130 nmethod 468 0x000001f3a23f6610 code [0x000001f3a23f67a0, 0x000001f3a23f6898]
Event: 0.363 Thread 0x000001f3bd456130  470       3       jdk.internal.org.objectweb.asm.MethodWriter::visitTypeInsn (116 bytes)
Event: 0.364 Thread 0x000001f3bd456130 nmethod 470 0x000001f3a23f6910 code [0x000001f3a23f6b00, 0x000001f3a23f6f08]
Event: 0.364 Thread 0x000001f3bd456130  471       3       java.lang.invoke.InnerClassLambdaMetafactory::getOpcodeOffset (38 bytes)
Event: 0.364 Thread 0x000001f3bd456130 nmethod 471 0x000001f3a23f7110 code [0x000001f3a23f72e0, 0x000001f3a23f75b8]
Event: 0.365 Thread 0x000001f3bd456130  472   !   3       sun.awt.AppContext::get (123 bytes)
Event: 0.366 Thread 0x000001f3bd456130 nmethod 472 0x000001f3a23f7690 code [0x000001f3a23f78c0, 0x000001f3a23f8308]
Event: 0.366 Thread 0x000001f3bd456130  473       3       java.lang.ref.Reference::<init> (7 bytes)
Event: 0.366 Thread 0x000001f3bd456130 nmethod 473 0x000001f3a23f8690 code [0x000001f3a23f8840, 0x000001f3a23f8af8]
Event: 0.367 Thread 0x000001f3bd453010  474 %     4       java.lang.StringLatin1::indexOfChar @ 7 (33 bytes)
Event: 0.368 Thread 0x000001f3bd456130  475       1       java.beans.PropertyChangeEvent::getPropertyName (5 bytes)
Event: 0.368 Thread 0x000001f3bd456130 nmethod 475 0x000001f3a9e40390 code [0x000001f3a9e40520, 0x000001f3a9e405d8]
Event: 0.369 Thread 0x000001f3bd453010 nmethod 474% 0x000001f3a9e40690 code [0x000001f3a9e40820, 0x000001f3a9e409f8]

GC Heap History (0 events):
No events

Dll operation events (7 events):
Event: 0.008 Loaded shared library C:\Users\Admin\.p2\pool\plugins\org.eclipse.justj.openjdk.hotspot.jre.full.win32.x86_64_19.0.0.v20221005-1658\jre\bin\java.dll
Event: 0.012 Loaded shared library C:\Users\Admin\.p2\pool\plugins\org.eclipse.justj.openjdk.hotspot.jre.full.win32.x86_64_19.0.0.v20221005-1658\jre\bin\zip.dll
Event: 0.135 Loaded shared library C:\Users\Admin\.p2\pool\plugins\org.eclipse.justj.openjdk.hotspot.jre.full.win32.x86_64_19.0.0.v20221005-1658\jre\bin\jimage.dll
Event: 0.147 Loaded shared library C:\Users\Admin\.p2\pool\plugins\org.eclipse.justj.openjdk.hotspot.jre.full.win32.x86_64_19.0.0.v20221005-1658\jre\bin\net.dll
Event: 0.148 Loaded shared library C:\Users\Admin\.p2\pool\plugins\org.eclipse.justj.openjdk.hotspot.jre.full.win32.x86_64_19.0.0.v20221005-1658\jre\bin\nio.dll
Event: 0.152 Loaded shared library C:\Users\Admin\.p2\pool\plugins\org.eclipse.justj.openjdk.hotspot.jre.full.win32.x86_64_19.0.0.v20221005-1658\jre\bin\zip.dll
Event: 0.172 Loaded shared library C:\Users\Admin\.p2\pool\plugins\org.eclipse.justj.openjdk.hotspot.jre.full.win32.x86_64_19.0.0.v20221005-1658\jre\bin\awt.dll

Deoptimization events (0 events):
No events

Classes loaded (20 events):
Event: 0.369 Loading class com/sun/beans/util/Cache$Kind
Event: 0.369 Loading class com/sun/beans/util/Cache$Kind done
Event: 0.369 Loading class com/sun/beans/util/Cache$Kind$1
Event: 0.369 Loading class com/sun/beans/util/Cache$Kind$1 done
Event: 0.369 Loading class com/sun/beans/util/Cache$Kind$2
Event: 0.369 Loading class com/sun/beans/util/Cache$Kind$2 done
Event: 0.369 Loading class com/sun/beans/util/Cache$Kind$3
Event: 0.369 Loading class com/sun/beans/util/Cache$Kind$3 done
Event: 0.369 Loading class com/sun/beans/util/Cache$CacheEntry
Event: 0.369 Loading class com/sun/beans/util/Cache$CacheEntry done
Event: 0.369 Loading class javax/swing/Action
Event: 0.369 Loading class java/awt/event/ActionListener
Event: 0.369 Loading class java/awt/event/ActionListener done
Event: 0.369 Loading class javax/swing/Action done
Event: 0.369 Loading class javax/swing/JTextField$NotifyAction
Event: 0.369 Loading class javax/swing/text/TextAction
Event: 0.369 Loading class javax/swing/AbstractAction
Event: 0.369 Loading class javax/swing/AbstractAction done
Event: 0.369 Loading class javax/swing/text/TextAction done
Event: 0.369 Loading class javax/swing/JTextField$NotifyAction done

Classes unloaded (0 events):
No events

Classes redefined (0 events):
No events

Internal exceptions (10 events):
Event: 0.162 Thread 0x000001f39d24ee60 Exception <a 'java/lang/ClassNotFoundException'{0x000000008b25ebc8}: sun/awt/resources/spi/awtProvider> (0x000000008b25ebc8) 
thrown [s\src\hotspot\share\classfile\systemDictionary.cpp, line 255]
Event: 0.185 Thread 0x000001f39d24ee60 Exception <a 'java/io/FileNotFoundException'{0x000000008b12fd60}> (0x000000008b12fd60) 
thrown [s\src\hotspot\share\prims\jni.cpp, line 517]
Event: 0.193 Thread 0x000001f39d24ee60 Exception <a 'java/io/FileNotFoundException'{0x000000008b15c2d8}> (0x000000008b15c2d8) 
thrown [s\src\hotspot\share\prims\jni.cpp, line 517]
Event: 0.230 Thread 0x000001f39d24ee60 Exception <a 'java/lang/NoSuchMethodError'{0x000000008b191ad8}: 'java.lang.Object java.lang.invoke.DirectMethodHandle$Holder.invokeStaticInit(java.lang.Object)'> (0x000000008b191ad8) 
thrown [s\src\hotspot\share\interpreter\linkResolver.cpp, line 774]
Event: 0.293 Thread 0x000001f3bd45dce0 Exception <a 'java/lang/NoSuchMethodError'{0x000000008b0c55b0}: 'void java.lang.invoke.DirectMethodHandle$Holder.invokeSpecial(java.lang.Object, java.lang.Object, java.lang.Object)'> (0x000000008b0c55b0) 
thrown [s\src\hotspot\share\interpreter\linkResolver.cpp, line 774]
Event: 0.305 Thread 0x000001f3bd45dce0 Exception <a 'java/lang/NoSuchMethodError'{0x000000008af04188}: 'java.lang.Object java.lang.invoke.DirectMethodHandle$Holder.newInvokeSpecial(java.lang.Object, java.lang.Object, java.lang.Object, java.lang.Object, java.lang.Object)'> (0x000000008af04188) 
thrown [s\src\hotspot\share\interpreter\linkResolver.cpp, line 774]
Event: 0.314 Thread 0x000001f3bd45dce0 Exception <a 'java/lang/NoSuchMethodError'{0x000000008af35870}: 'java.lang.Object java.lang.invoke.DirectMethodHandle$Holder.invokeStatic(java.lang.Object, int, java.lang.Object)'> (0x000000008af35870) 
thrown [s\src\hotspot\share\interpreter\linkResolver.cpp, line 774]
Event: 0.345 Thread 0x000001f3bd45dce0 Exception <a 'java/lang/ClassNotFoundException'{0x000000008ae67338}: com/sun/swing/internal/plaf/metal/resources/spi/metalProvider> (0x000000008ae67338) 
thrown [s\src\hotspot\share\classfile\systemDictionary.cpp, line 255]
Event: 0.346 Thread 0x000001f3bd45dce0 Exception <a 'java/lang/ClassNotFoundException'{0x000000008ae6b3c0}: com/sun/swing/internal/plaf/basic/resources/spi/basicProvider> (0x000000008ae6b3c0) 
thrown [s\src\hotspot\share\classfile\systemDictionary.cpp, line 255]
Event: 0.359 Thread 0x000001f3bd45dce0 Exception <a 'java/lang/NoSuchMethodError'{0x000000008ae8b9e8}: 'int java.lang.invoke.Invokers$Holder.invokeExact_MT(java.lang.Object, java.lang.Object)'> (0x000000008ae8b9e8) 
thrown [s\src\hotspot\share\interpreter\linkResolver.cpp, line 774]

VM Operations (6 events):
Event: 0.250 Executing VM operation: HandshakeAllThreads
Event: 0.250 Executing VM operation: HandshakeAllThreads done
Event: 0.345 Executing VM operation: HandshakeAllThreads
Event: 0.345 Executing VM operation: HandshakeAllThreads done
Event: 0.366 Executing VM operation: HandshakeAllThreads
Event: 0.366 Executing VM operation: HandshakeAllThreads done

Events (18 events):
Event: 0.033 Thread 0x000001f39d24ee60 Thread added: 0x000001f39d24ee60
Event: 0.060 Thread 0x000001f3bd47b430 Thread added: 0x000001f3bd47b430
Event: 0.060 Thread 0x000001f3bd47cb00 Thread added: 0x000001f3bd47cb00
Event: 0.061 Thread 0x000001f3bd487f10 Thread added: 0x000001f3bd487f10
Event: 0.061 Thread 0x000001f3bd488a30 Thread added: 0x000001f3bd488a30
Event: 0.061 Thread 0x000001f3bd469750 Thread added: 0x000001f3bd469750
Event: 0.061 Thread 0x000001f3bd4827b0 Thread added: 0x000001f3bd4827b0
Event: 0.061 Thread 0x000001f3bd453010 Thread added: 0x000001f3bd453010
Event: 0.061 Thread 0x000001f3bd456130 Thread added: 0x000001f3bd456130
Event: 0.061 Thread 0x000001f3bd45b7b0 Thread added: 0x000001f3bd45b7b0
Event: 0.091 Thread 0x000001f3bd45bd00 Thread added: 0x000001f3bd45bd00
Event: 0.096 Thread 0x000001f3bd45c250 Thread added: 0x000001f3bd45c250
Event: 0.231 Thread 0x000001f3bd45e230 Thread added: 0x000001f3bd45e230
Event: 0.232 Thread 0x000001f3bd45c7a0 Thread added: 0x000001f3bd45c7a0
Event: 0.234 Thread 0x000001f3bd45ccf0 Thread added: 0x000001f3bd45ccf0
Event: 0.252 Thread 0x000001f3bd45dce0 Thread added: 0x000001f3bd45dce0
Event: 0.253 Thread 0x000001f39d24ee60 Thread exited: 0x000001f39d24ee60
Event: 0.253 Thread 0x000001f3bd45e780 Thread added: 0x000001f3bd45e780


Dynamic libraries:
0x00007ff6e4130000 - 0x00007ff6e413e000 	C:\Users\Admin\.p2\pool\plugins\org.eclipse.justj.openjdk.hotspot.jre.full.win32.x86_64_19.0.0.v20221005-1658\jre\bin\javaw.exe
0x00007ffe04e50000 - 0x00007ffe05048000 	C:\WINDOWS\SYSTEM32\ntdll.dll
0x00007ffe04c50000 - 0x00007ffe04d0d000 	C:\WINDOWS\System32\KERNEL32.DLL
0x00007ffe02730000 - 0x00007ffe02a26000 	C:\WINDOWS\System32\KERNELBASE.dll
0x00007ffe02ce0000 - 0x00007ffe02de0000 	C:\WINDOWS\System32\ucrtbase.dll
0x00007ffdebf90000 - 0x00007ffdebfa7000 	C:\Users\Admin\.p2\pool\plugins\org.eclipse.justj.openjdk.hotspot.jre.full.win32.x86_64_19.0.0.v20221005-1658\jre\bin\jli.dll
0x00007ffdebf70000 - 0x00007ffdebf89000 	C:\Users\Admin\.p2\pool\plugins\org.eclipse.justj.openjdk.hotspot.jre.full.win32.x86_64_19.0.0.v20221005-1658\jre\bin\VCRUNTIME140.dll
0x00007ffe03d20000 - 0x00007ffe03ebe000 	C:\WINDOWS\System32\USER32.dll
0x00007ffe02e80000 - 0x00007ffe02ea2000 	C:\WINDOWS\System32\win32u.dll
0x00007ffe04de0000 - 0x00007ffe04e0c000 	C:\WINDOWS\System32\GDI32.dll
0x00007ffde4e50000 - 0x00007ffde50ea000 	C:\WINDOWS\WinSxS\amd64_microsoft.windows.common-controls_6595b64144ccf1df_6.0.19041.3636_none_60b6a03d71f818d5\COMCTL32.dll
0x00007ffe02a30000 - 0x00007ffe02b4a000 	C:\WINDOWS\System32\gdi32full.dll
0x00007ffe03b70000 - 0x00007ffe03c0e000 	C:\WINDOWS\System32\msvcrt.dll
0x00007ffe02530000 - 0x00007ffe025cd000 	C:\WINDOWS\System32\msvcp_win.dll
0x00007ffe04c20000 - 0x00007ffe04c50000 	C:\WINDOWS\System32\IMM32.DLL
0x00007ffdf8630000 - 0x00007ffdf863c000 	C:\Users\Admin\.p2\pool\plugins\org.eclipse.justj.openjdk.hotspot.jre.full.win32.x86_64_19.0.0.v20221005-1658\jre\bin\vcruntime140_1.dll
0x00007ffdd0e10000 - 0x00007ffdd0ea1000 	C:\Users\Admin\.p2\pool\plugins\org.eclipse.justj.openjdk.hotspot.jre.full.win32.x86_64_19.0.0.v20221005-1658\jre\bin\msvcp140.dll
0x00007ffd5d240000 - 0x00007ffd5df31000 	C:\Users\Admin\.p2\pool\plugins\org.eclipse.justj.openjdk.hotspot.jre.full.win32.x86_64_19.0.0.v20221005-1658\jre\bin\server\jvm.dll
0x00007ffe04b70000 - 0x00007ffe04c1f000 	C:\WINDOWS\System32\ADVAPI32.dll
0x00007ffe02eb0000 - 0x00007ffe02f4c000 	C:\WINDOWS\System32\sechost.dll
0x00007ffe04a40000 - 0x00007ffe04b66000 	C:\WINDOWS\System32\RPCRT4.dll
0x00007ffde7b80000 - 0x00007ffde7ba7000 	C:\WINDOWS\SYSTEM32\WINMM.dll
0x00007ffdf8110000 - 0x00007ffdf811a000 	C:\WINDOWS\SYSTEM32\VERSION.dll
0x00007ffdebe20000 - 0x00007ffdebe29000 	C:\WINDOWS\SYSTEM32\WSOCK32.dll
0x00007ffe04610000 - 0x00007ffe0467b000 	C:\WINDOWS\System32\WS2_32.dll
0x00007ffe00d80000 - 0x00007ffe00d92000 	C:\WINDOWS\SYSTEM32\kernel.appcore.dll
0x00007ffdfdb60000 - 0x00007ffdfdb6a000 	C:\Users\Admin\.p2\pool\plugins\org.eclipse.justj.openjdk.hotspot.jre.full.win32.x86_64_19.0.0.v20221005-1658\jre\bin\jimage.dll
0x00007ffe002f0000 - 0x00007ffe004d4000 	C:\WINDOWS\SYSTEM32\DBGHELP.DLL
0x00007ffdd2180000 - 0x00007ffdd21b4000 	C:\WINDOWS\SYSTEM32\dbgcore.DLL
0x00007ffe02c50000 - 0x00007ffe02cd2000 	C:\WINDOWS\System32\bcryptPrimitives.dll
0x00007ffdf17c0000 - 0x00007ffdf17e6000 	C:\Users\Admin\.p2\pool\plugins\org.eclipse.justj.openjdk.hotspot.jre.full.win32.x86_64_19.0.0.v20221005-1658\jre\bin\java.dll
0x00007ffdebe40000 - 0x00007ffdebe58000 	C:\Users\Admin\.p2\pool\plugins\org.eclipse.justj.openjdk.hotspot.jre.full.win32.x86_64_19.0.0.v20221005-1658\jre\bin\zip.dll
0x00007ffe03ec0000 - 0x00007ffe04605000 	C:\WINDOWS\System32\SHELL32.dll
0x00007ffe005d0000 - 0x00007ffe00d6b000 	C:\WINDOWS\SYSTEM32\windows.storage.dll
0x00007ffe03760000 - 0x00007ffe03ab4000 	C:\WINDOWS\System32\combase.dll
0x00007ffe01f70000 - 0x00007ffe01f9d000 	C:\WINDOWS\SYSTEM32\Wldp.dll
0x00007ffe03c10000 - 0x00007ffe03cbd000 	C:\WINDOWS\System32\SHCORE.dll
0x00007ffe02fe0000 - 0x00007ffe03035000 	C:\WINDOWS\System32\shlwapi.dll
0x00007ffe02460000 - 0x00007ffe02485000 	C:\WINDOWS\SYSTEM32\profapi.dll
0x00007ffdeb950000 - 0x00007ffdeb963000 	C:\Users\Admin\.p2\pool\plugins\org.eclipse.justj.openjdk.hotspot.jre.full.win32.x86_64_19.0.0.v20221005-1658\jre\bin\net.dll
0x00007ffdf48f0000 - 0x00007ffdf49fa000 	C:\WINDOWS\SYSTEM32\WINHTTP.dll
0x00007ffe01cd0000 - 0x00007ffe01d3a000 	C:\WINDOWS\system32\mswsock.dll
0x00007ffde9b00000 - 0x00007ffde9b16000 	C:\Users\Admin\.p2\pool\plugins\org.eclipse.justj.openjdk.hotspot.jre.full.win32.x86_64_19.0.0.v20221005-1658\jre\bin\nio.dll
0x00007ffdbd6b0000 - 0x00007ffdbd83e000 	C:\Users\Admin\.p2\pool\plugins\org.eclipse.justj.openjdk.hotspot.jre.full.win32.x86_64_19.0.0.v20221005-1658\jre\bin\awt.dll
0x00007ffe04d10000 - 0x00007ffe04ddd000 	C:\WINDOWS\System32\OLEAUT32.dll
0x00007ffdffa30000 - 0x00007ffdffac0000 	C:\WINDOWS\SYSTEM32\apphelp.dll
0x00007ffdffb80000 - 0x00007ffdffc1e000 	C:\WINDOWS\system32\uxtheme.dll
0x00007ffe03640000 - 0x00007ffe03754000 	C:\WINDOWS\System32\MSCTF.dll
0x00007ffe04680000 - 0x00007ffe047ab000 	C:\WINDOWS\System32\ole32.dll
0x00007ffdffd60000 - 0x00007ffdffd8f000 	C:\WINDOWS\system32\DWMAPI.DLL
0x00007ffdc5720000 - 0x00007ffdc5845000 	C:\WINDOWS\system32\opengl32.dll
0x00007ffdc56f0000 - 0x00007ffdc571c000 	C:\WINDOWS\SYSTEM32\GLU32.dll

dbghelp: loaded successfully - version: 4.0.5 - missing functions: none
symbol engine: initialized successfully - sym options: 0x614 - pdb path: .;C:\Users\Admin\.p2\pool\plugins\org.eclipse.justj.openjdk.hotspot.jre.full.win32.x86_64_19.0.0.v20221005-1658\jre\bin;C:\WINDOWS\SYSTEM32;C:\WINDOWS\WinSxS\amd64_microsoft.windows.common-controls_6595b64144ccf1df_6.0.19041.3636_none_60b6a03d71f818d5;C:\Users\Admin\.p2\pool\plugins\org.eclipse.justj.openjdk.hotspot.jre.full.win32.x86_64_19.0.0.v20221005-1658\jre\bin\server

VM Arguments:
jvm_args: -Dfile.encoding=UTF-8 -XX:+ShowCodeDetailsInExceptionMessages 
java_command: main.java.views.main.components.dashboard.HeaderPanel
java_class_path (initial): C:\Users\Admin\root\University\LAB\University\HocKy5\TTCSN\TaskTracker-BTL_TTCSN_N14\bin;C:\Users\Admin\root\University\LAB\University\HocKy5\TTCSN\TaskTracker-BTL_TTCSN_N14\miglayout15-swing.jar;C:\Users\Admin\root\University\LAB\University\HocKy5\TTCSN\TaskTracker-BTL_TTCSN_N14\jgoodies-forms-1.8.0.jar
Launcher Type: SUN_STANDARD

[Global flags]
     intx CICompilerCount                          = 4                                         {product} {ergonomic}
     uint ConcGCThreads                            = 2                                         {product} {ergonomic}
     uint G1ConcRefinementThreads                  = 8                                         {product} {ergonomic}
   size_t G1HeapRegionSize                         = 1048576                                   {product} {ergonomic}
    uintx GCDrainStackTargetSize                   = 64                                        {product} {ergonomic}
   size_t InitialHeapSize                          = 132120576                                 {product} {ergonomic}
   size_t MarkStackSize                            = 4194304                                   {product} {ergonomic}
   size_t MaxHeapSize                              = 2090860544                                {product} {ergonomic}
   size_t MaxNewSize                               = 1254096896                                {product} {ergonomic}
   size_t MinHeapDeltaBytes                        = 1048576                                   {product} {ergonomic}
   size_t MinHeapSize                              = 8388608                                   {product} {ergonomic}
    uintx NonNMethodCodeHeapSize                   = 5839372                                {pd product} {ergonomic}
    uintx NonProfiledCodeHeapSize                  = 122909434                              {pd product} {ergonomic}
    uintx ProfiledCodeHeapSize                     = 122909434                              {pd product} {ergonomic}
    uintx ReservedCodeCacheSize                    = 251658240                              {pd product} {ergonomic}
     bool SegmentedCodeCache                       = true                                      {product} {ergonomic}
     bool ShowCodeDetailsInExceptionMessages       = true                                   {manageable} {command line}
   size_t SoftMaxHeapSize                          = 2090860544                             {manageable} {ergonomic}
     bool UseCompressedClassPointers               = true                           {product lp64_product} {ergonomic}
     bool UseCompressedOops                        = true                           {product lp64_product} {ergonomic}
     bool UseG1GC                                  = true                                      {product} {ergonomic}
     bool UseLargePagesIndividualAllocation        = false                                  {pd product} {ergonomic}

Logging:
Log output configuration:
 #0: stdout all=warning uptime,level,tags foldmultilines=false
 #1: stderr all=off uptime,level,tags foldmultilines=false

Environment Variables:
JAVA_HOME=C:\Users\Admin\root\Program Files\Amazon Corretto\jdk11.0.16_9
PATH=C:/Users/Admin/.p2/pool/plugins/org.eclipse.justj.openjdk.hotspot.jre.full.win32.x86_64_19.0.0.v20221005-1658/jre/bin/server;C:/Users/Admin/.p2/pool/plugins/org.eclipse.justj.openjdk.hotspot.jre.full.win32.x86_64_19.0.0.v20221005-1658/jre/bin;C:\Program Files\Python311\Scripts\;C:\Program Files\Python311\;C:\Program Files (x86)\VMware\VMware Workstation\bin\;C:\Program Files\Common Files\Oracle\Java\javapath;C:\Users\Admin\root\Program Files\Amazon Corretto\jdk11.0.16_9\bin;C:\windows\system32;C:\windows;C:\windows\System32\Wbem;C:\windows\System32\WindowsPowerShell\v1.0\;C:\windows\System32\OpenSSH\;C:\Program Files\mingw-w64\mingw64\bin;C:\Program Files (x86)\NVIDIA Corporation\PhysX\Common;C:\Program Files\NVIDIA Corporation\NVIDIA NvDLISR;C:\WINDOWS\system32;C:\WINDOWS;C:\WINDOWS\System32\Wbem;C:\WINDOWS\System32\WindowsPowerShell\v1.0\;C:\WINDOWS\System32\OpenSSH\;C:\Program Files\Git\cmd;C:\Program Files (x86)\Microsoft SQL Server\150\DTS\Binn\;C:\Program Files\Azure Data Studio\bin;C:\Program Files (x86)\Microsoft SQL Server\160\Tools\Binn\;C:\Program Files\Microsoft SQL Server\160\Tools\Binn\;C:\Program Files\Microsoft SQL Server\Client SDK\ODBC\170\Tools\Binn\;C:\Program Files\Microsoft SQL Server\160\DTS\Binn\;C:\Users\Admin\root\Program Files\;C:\Program Files (x86)\Rational\common;C:\Program Files\dotnet\;C:\Program Files\Microsoft SQL Server\150\Tools\Binn\;C:\Program Files\Microsoft SQL Server\130\Tools\Binn\;C:\Users\Admin\AppData\Local\Microsoft\WindowsApps;C:\Users\Admin\AppData\Local\Programs\Microsoft VS Code\bin;C:\Users\Admin\Desktop\Applications - User\Convert PDF to LaTex\MiKTeX\miktex\bin\x64\;C:\Users\Admin\root\Program Files\PATH_Programs;C:\Program Files\Azure Data Studio\bin;C:\Users\Admin\AppData\Roaming\npm;C:\Users\Admin\.dotnet\tools;C:\Program Files\JetBrains\PyCharm Community Edition 2023.2.1\bin;;C:\Program Files\Tesseract-OCR;;C:\WINDOWS\system32;
USERNAME=Admin
TMPDIR=C:\Users\Public\Documents\Wondershare\CreatorTemp
OS=Windows_NT
PROCESSOR_IDENTIFIER=Intel64 Family 6 Model 126 Stepping 5, GenuineIntel
TMP=C:\Users\Admin\AppData\Local\Temp
TEMP=C:\Users\Admin\AppData\Local\Temp



---------------  S Y S T E M  ---------------

OS:
 Windows 10 , 64 bit Build 19041 (10.0.19041.3636)
OS uptime: 2 days 4:56 hours

CPU: total 8 (initial active 8) (4 cores per cpu, 2 threads per core) family 6 model 126 stepping 5 microcode 0x56, cx8, cmov, fxsr, ht, mmx, 3dnowpref, sse, sse2, sse3, ssse3, sse4.1, sse4.2, popcnt, lzcnt, tsc, tscinvbit, avx, avx2, aes, erms, clmul, bmi1, bmi2, adx, avx512f, avx512dq, avx512cd, avx512bw, avx512vl, sha, fma, vzeroupper, avx512_vpopcntdq, avx512_vpclmulqdq, avx512_vaes, avx512_vnni, clflush, clflushopt, avx512_vbmi2, avx512_vbmi, rdtscp, rdpid, fsrm, gfni, avx512_bitalg

Memory: 4k page, system-wide physical 7973M (276M free)
TotalPageFile size 32549M (AvailPageFile size 0M)
current process WorkingSet (physical memory assigned to process): 49M, peak: 49M
current process commit charge ("private bytes"): 211M, peak: 211M

vm_info: OpenJDK 64-Bit Server VM (19+36) for windows-amd64 JRE (19+36), built on 2022-09-20T00:00:00Z by "temurin" with MS VC++ 16.7 (VS2019)

END.
