#
# There is insufficient memory for the Java Runtime Environment to continue.
# Native memory allocation (malloc) failed to allocate 158096 bytes for Chunk::new
# Possible reasons:
#   The system is out of physical RAM or swap space
#   The process is running with CompressedOops enabled, and the Java Heap may be blocking the growth of the native heap
# Possible solutions:
#   Reduce memory load on the system
#   Increase physical memory or swap space
#   Check if swap backing store is full
#   Decrease Java heap size (-Xmx/-Xms)
#   Decrease number of Java threads
#   Decrease Java thread stack sizes (-Xss)
#   Set larger code cache with -XX:ReservedCodeCacheSize=
#   JVM is running with Unscaled Compressed Oops mode in which the Java heap is
#     placed in the first 4GB address space. The Java Heap base address is the
#     maximum limit for the native heap growth. Please use -XX:HeapBaseMinAddress
#     to set the Java Heap base and to place the Java Heap above 4GB virtual address.
# This output file may be truncated or incomplete.
#
#  Out of Memory Error (arena.cpp:184), pid=27224, tid=27660
#
# JRE version: OpenJDK Runtime Environment Temurin-19+36 (19.0+36) (build 19+36)
# Java VM: OpenJDK 64-Bit Server VM Temurin-19+36 (19+36, mixed mode, tiered, compressed oops, compressed class ptrs, g1 gc, windows-amd64)
# No core dump will be written. Minidumps are not enabled by default on client versions of Windows
#

---------------  S U M M A R Y ------------

Command Line: -Dfile.encoding=UTF-8 -XX:+ShowCodeDetailsInExceptionMessages main.java.views.main.screens.Dashboard

Host: Intel(R) Core(TM) i5-1035G1 CPU @ 1.00GHz, 8 cores, 7G,  Windows 10 , 64 bit Build 19041 (10.0.19041.3636)
Time: Sun Dec 24 16:31:33 2023 SE Asia Standard Time elapsed time: 0.971217 seconds (0d 0h 0m 0s)

---------------  T H R E A D  ---------------

Current thread (0x0000016779599c70):  JavaThread "C2 CompilerThread1" daemon [_thread_in_native, id=27660, stack(0x0000000b06900000,0x0000000b06a00000)]


Current CompileTask:
C2:    971 1145 %     4       sun.java2d.marlin.MarlinCache::copyAARowRLE_WithBlockFlags @ 269 (733 bytes)

Stack: [0x0000000b06900000,0x0000000b06a00000]
Native frames: (J=compiled Java code, j=interpreted, Vv=VM code, C=native code)
V  [jvm.dll+0x6ea7da]
V  [jvm.dll+0x8a3d50]
V  [jvm.dll+0x8a573e]
V  [jvm.dll+0x8a5df3]
V  [jvm.dll+0x27bbcf]
V  [jvm.dll+0xc22af]
V  [jvm.dll+0xc2625]
V  [jvm.dll+0x3b7d11]
V  [jvm.dll+0x3815c1]
V  [jvm.dll+0x380a6a]
V  [jvm.dll+0x24519b]
V  [jvm.dll+0x244531]
V  [jvm.dll+0x1cf511]
V  [jvm.dll+0x254099]
V  [jvm.dll+0x252288]
V  [jvm.dll+0x8546ad]
V  [jvm.dll+0x84e4aa]
V  [jvm.dll+0x6e947b]
C  [ucrtbase.dll+0x21bb2]
C  [KERNEL32.DLL+0x17344]
C  [ntdll.dll+0x526b1]


---------------  P R O C E S S  ---------------

Threads class SMR info:
_java_thread_list=0x0000016779999bb0, length=18, elements={
0x000001677905d430, 0x000001677905e450, 0x000001677907a120, 0x000001677907ba60,
0x000001677907c5c0, 0x00000167790436b0, 0x000001677904a2a0, 0x000001677904a820,
0x000001677907ef00, 0x00000167791f3e10, 0x00000167791f7370, 0x00000167794b7f60,
0x00000167794b84a0, 0x00000167794b9c50, 0x00000167794bcf60, 0x000001675addf870,
0x0000016779599c70, 0x00000167797ae3c0
}

Java Threads: ( => current thread )
  0x000001677905d430 JavaThread "Reference Handler" daemon [_thread_blocked, id=24692, stack(0x0000000b05900000,0x0000000b05a00000)]
  0x000001677905e450 JavaThread "Finalizer" daemon [_thread_blocked, id=26808, stack(0x0000000b05a00000,0x0000000b05b00000)]
  0x000001677907a120 JavaThread "Signal Dispatcher" daemon [_thread_blocked, id=26712, stack(0x0000000b05b00000,0x0000000b05c00000)]
  0x000001677907ba60 JavaThread "Attach Listener" daemon [_thread_blocked, id=27572, stack(0x0000000b05c00000,0x0000000b05d00000)]
  0x000001677907c5c0 JavaThread "Service Thread" daemon [_thread_blocked, id=3056, stack(0x0000000b05d00000,0x0000000b05e00000)]
  0x00000167790436b0 JavaThread "Monitor Deflation Thread" daemon [_thread_blocked, id=12272, stack(0x0000000b05e00000,0x0000000b05f00000)]
  0x000001677904a2a0 JavaThread "C2 CompilerThread0" daemon [_thread_blocked, id=2612, stack(0x0000000b05f00000,0x0000000b06000000)]
  0x000001677904a820 JavaThread "C1 CompilerThread0" daemon [_thread_in_native, id=20532, stack(0x0000000b06000000,0x0000000b06100000)]
  0x000001677907ef00 JavaThread "Sweeper thread" daemon [_thread_blocked, id=26380, stack(0x0000000b06100000,0x0000000b06200000)]
  0x00000167791f3e10 JavaThread "Notification Thread" daemon [_thread_blocked, id=17456, stack(0x0000000b06200000,0x0000000b06300000)]
  0x00000167791f7370 JavaThread "Common-Cleaner" daemon [_thread_blocked, id=27332, stack(0x0000000b06400000,0x0000000b06500000)]
  0x00000167794b7f60 JavaThread "Java2D Disposer" daemon [_thread_blocked, id=15264, stack(0x0000000b06500000,0x0000000b06600000)]
  0x00000167794b84a0 JavaThread "AWT-Shutdown" [_thread_blocked, id=26536, stack(0x0000000b06600000,0x0000000b06700000)]
  0x00000167794b9c50 JavaThread "AWT-Windows" daemon [_thread_in_native, id=25956, stack(0x0000000b06700000,0x0000000b06800000)]
  0x00000167794bcf60 JavaThread "AWT-EventQueue-0" [_thread_in_native, id=14760, stack(0x0000000b06800000,0x0000000b06900000)]
  0x000001675addf870 JavaThread "DestroyJavaVM" [_thread_blocked, id=26956, stack(0x0000000b05200000,0x0000000b05300000)]
=>0x0000016779599c70 JavaThread "C2 CompilerThread1" daemon [_thread_in_native, id=27660, stack(0x0000000b06900000,0x0000000b06a00000)]
  0x00000167797ae3c0 JavaThread "TimerQueue" daemon [_thread_blocked, id=27704, stack(0x0000000b06a00000,0x0000000b06b00000)]

Other Threads:
  0x0000016774ec4fd0 VMThread "VM Thread" [stack: 0x0000000b05800000,0x0000000b05900000] [id=16132]
  0x00000167791f3510 WatcherThread "VM Periodic Task Thread" [stack: 0x0000000b06300000,0x0000000b06400000] [id=4432]
  0x000001675ae3e360 WorkerThread "GC Thread#0" [stack: 0x0000000b05300000,0x0000000b05400000] [id=22584]
  0x000001675ae4f540 ConcurrentGCThread "G1 Main Marker" [stack: 0x0000000b05400000,0x0000000b05500000] [id=23984]
  0x000001675ae4ff70 WorkerThread "G1 Conc#0" [stack: 0x0000000b05500000,0x0000000b05600000] [id=13384]
  0x000001675aeadc50 ConcurrentGCThread "G1 Refine#0" [stack: 0x0000000b05600000,0x0000000b05700000] [id=7716]
  0x000001675aeae790 ConcurrentGCThread "G1 Service" [stack: 0x0000000b05700000,0x0000000b05800000] [id=13172]

Threads with active compile tasks:
C1 CompilerThread0     1005 1159 %     3       sun.java2d.marlin.Renderer::_endRendering @ 784 (2480 bytes)
C2 CompilerThread1     1005 1145 %     4       sun.java2d.marlin.MarlinCache::copyAARowRLE_WithBlockFlags @ 269 (733 bytes)

VM state: not at safepoint (normal execution)

VM Mutex/Monitor currently owned by a thread: None

Heap address: 0x0000000083600000, size: 1994 MB, Compressed Oops mode: 32-bit

CDS archive(s) not mapped
Compressed class space mapped at: 0x0000000100000000-0x0000000140000000, reserved size: 1073741824
Narrow klass base: 0x0000000000000000, Narrow klass shift: 3, Narrow klass range: 0x140000000

GC Precious Log:
 CardTable entry size: 512
 Card Set container configuration: InlinePtr #cards 5 size 8 Array Of Cards #cards 12 size 40 Howl #buckets 4 coarsen threshold 1843 Howl Bitmap #cards 512 size 80 coarsen threshold 460 Card regions per heap region 1 cards per card region 2048
 CPUs: 8 total, 8 available
 Memory: 7973M
 Large Page Support: Disabled
 NUMA Support: Disabled
 Compressed Oops: Enabled (32-bit)
 Heap Region Size: 1M
 Heap Min Capacity: 8M
 Heap Initial Capacity: 126M
 Heap Max Capacity: 1994M
 Pre-touch: Disabled
 Parallel Workers: 8
 Concurrent Workers: 2
 Concurrent Refinement Workers: 8
 Periodic GC: Disabled

Heap:
 garbage-first heap   total 129024K, used 25600K [0x0000000083600000, 0x0000000100000000)
  region size 1024K, 12 young (12288K), 0 survivors (0K)
 Metaspace       used 18377K, committed 18560K, reserved 1114112K
  class space    used 1744K, committed 1856K, reserved 1048576K

Heap Regions: E=young(eden), S=young(survivor), O=old, HS=humongous(starts), HC=humongous(continues), CS=collection set, F=free, OA=open archive, CA=closed archive, TAMS=top-at-mark-start (previous, next)
|   0|0x0000000083600000, 0x0000000083700000, 0x0000000083700000|100%|HS|  |TAMS 0x0000000083600000, 0x0000000083600000| Complete 
|   1|0x0000000083700000, 0x0000000083800000, 0x0000000083800000|100%|HC|  |TAMS 0x0000000083700000, 0x0000000083700000| Complete 
|   2|0x0000000083800000, 0x0000000083900000, 0x0000000083900000|100%|HC|  |TAMS 0x0000000083800000, 0x0000000083800000| Complete 
|   3|0x0000000083900000, 0x0000000083a00000, 0x0000000083a00000|100%|HC|  |TAMS 0x0000000083900000, 0x0000000083900000| Complete 
|   4|0x0000000083a00000, 0x0000000083b00000, 0x0000000083b00000|100%|HC|  |TAMS 0x0000000083a00000, 0x0000000083a00000| Complete 
|   5|0x0000000083b00000, 0x0000000083c00000, 0x0000000083c00000|100%|HC|  |TAMS 0x0000000083b00000, 0x0000000083b00000| Complete 
|   6|0x0000000083c00000, 0x0000000083d00000, 0x0000000083d00000|100%|HC|  |TAMS 0x0000000083c00000, 0x0000000083c00000| Complete 
|   7|0x0000000083d00000, 0x0000000083e00000, 0x0000000083e00000|100%|HC|  |TAMS 0x0000000083d00000, 0x0000000083d00000| Complete 
|   8|0x0000000083e00000, 0x0000000083f00000, 0x0000000083f00000|100%|HC|  |TAMS 0x0000000083e00000, 0x0000000083e00000| Complete 
|   9|0x0000000083f00000, 0x0000000084000000, 0x0000000084000000|100%|HS|  |TAMS 0x0000000083f00000, 0x0000000083f00000| Complete 
|  10|0x0000000084000000, 0x0000000084100000, 0x0000000084100000|100%|HC|  |TAMS 0x0000000084000000, 0x0000000084000000| Complete 
|  11|0x0000000084100000, 0x0000000084200000, 0x0000000084200000|100%|HC|  |TAMS 0x0000000084100000, 0x0000000084100000| Complete 
|  12|0x0000000084200000, 0x0000000084300000, 0x0000000084300000|100%|HC|  |TAMS 0x0000000084200000, 0x0000000084200000| Complete 
|  13|0x0000000084300000, 0x0000000084400000, 0x0000000084400000|100%|HC|  |TAMS 0x0000000084300000, 0x0000000084300000| Complete 
|  14|0x0000000084400000, 0x0000000084500000, 0x0000000084500000|100%|HC|  |TAMS 0x0000000084400000, 0x0000000084400000| Complete 
|  15|0x0000000084500000, 0x0000000084500000, 0x0000000084600000|  0%| F|  |TAMS 0x0000000084500000, 0x0000000084500000| Untracked 
|  16|0x0000000084600000, 0x0000000084600000, 0x0000000084700000|  0%| F|  |TAMS 0x0000000084600000, 0x0000000084600000| Untracked 
|  17|0x0000000084700000, 0x0000000084700000, 0x0000000084800000|  0%| F|  |TAMS 0x0000000084700000, 0x0000000084700000| Untracked 
|  18|0x0000000084800000, 0x0000000084800000, 0x0000000084900000|  0%| F|  |TAMS 0x0000000084800000, 0x0000000084800000| Untracked 
|  19|0x0000000084900000, 0x0000000084900000, 0x0000000084a00000|  0%| F|  |TAMS 0x0000000084900000, 0x0000000084900000| Untracked 
|  20|0x0000000084a00000, 0x0000000084a00000, 0x0000000084b00000|  0%| F|  |TAMS 0x0000000084a00000, 0x0000000084a00000| Untracked 
|  21|0x0000000084b00000, 0x0000000084b00000, 0x0000000084c00000|  0%| F|  |TAMS 0x0000000084b00000, 0x0000000084b00000| Untracked 
|  22|0x0000000084c00000, 0x0000000084c00000, 0x0000000084d00000|  0%| F|  |TAMS 0x0000000084c00000, 0x0000000084c00000| Untracked 
|  23|0x0000000084d00000, 0x0000000084d00000, 0x0000000084e00000|  0%| F|  |TAMS 0x0000000084d00000, 0x0000000084d00000| Untracked 
|  24|0x0000000084e00000, 0x0000000084e00000, 0x0000000084f00000|  0%| F|  |TAMS 0x0000000084e00000, 0x0000000084e00000| Untracked 
|  25|0x0000000084f00000, 0x0000000084f00000, 0x0000000085000000|  0%| F|  |TAMS 0x0000000084f00000, 0x0000000084f00000| Untracked 
|  26|0x0000000085000000, 0x0000000085000000, 0x0000000085100000|  0%| F|  |TAMS 0x0000000085000000, 0x0000000085000000| Untracked 
|  27|0x0000000085100000, 0x0000000085100000, 0x0000000085200000|  0%| F|  |TAMS 0x0000000085100000, 0x0000000085100000| Untracked 
|  28|0x0000000085200000, 0x0000000085200000, 0x0000000085300000|  0%| F|  |TAMS 0x0000000085200000, 0x0000000085200000| Untracked 
|  29|0x0000000085300000, 0x0000000085300000, 0x0000000085400000|  0%| F|  |TAMS 0x0000000085300000, 0x0000000085300000| Untracked 
|  30|0x0000000085400000, 0x0000000085400000, 0x0000000085500000|  0%| F|  |TAMS 0x0000000085400000, 0x0000000085400000| Untracked 
|  31|0x0000000085500000, 0x0000000085500000, 0x0000000085600000|  0%| F|  |TAMS 0x0000000085500000, 0x0000000085500000| Untracked 
|  32|0x0000000085600000, 0x0000000085600000, 0x0000000085700000|  0%| F|  |TAMS 0x0000000085600000, 0x0000000085600000| Untracked 
|  33|0x0000000085700000, 0x0000000085700000, 0x0000000085800000|  0%| F|  |TAMS 0x0000000085700000, 0x0000000085700000| Untracked 
|  34|0x0000000085800000, 0x0000000085800000, 0x0000000085900000|  0%| F|  |TAMS 0x0000000085800000, 0x0000000085800000| Untracked 
|  35|0x0000000085900000, 0x0000000085900000, 0x0000000085a00000|  0%| F|  |TAMS 0x0000000085900000, 0x0000000085900000| Untracked 
|  36|0x0000000085a00000, 0x0000000085a00000, 0x0000000085b00000|  0%| F|  |TAMS 0x0000000085a00000, 0x0000000085a00000| Untracked 
|  37|0x0000000085b00000, 0x0000000085b00000, 0x0000000085c00000|  0%| F|  |TAMS 0x0000000085b00000, 0x0000000085b00000| Untracked 
|  38|0x0000000085c00000, 0x0000000085c00000, 0x0000000085d00000|  0%| F|  |TAMS 0x0000000085c00000, 0x0000000085c00000| Untracked 
|  39|0x0000000085d00000, 0x0000000085d00000, 0x0000000085e00000|  0%| F|  |TAMS 0x0000000085d00000, 0x0000000085d00000| Untracked 
|  40|0x0000000085e00000, 0x0000000085e00000, 0x0000000085f00000|  0%| F|  |TAMS 0x0000000085e00000, 0x0000000085e00000| Untracked 
|  41|0x0000000085f00000, 0x0000000085f00000, 0x0000000086000000|  0%| F|  |TAMS 0x0000000085f00000, 0x0000000085f00000| Untracked 
|  42|0x0000000086000000, 0x0000000086000000, 0x0000000086100000|  0%| F|  |TAMS 0x0000000086000000, 0x0000000086000000| Untracked 
|  43|0x0000000086100000, 0x0000000086100000, 0x0000000086200000|  0%| F|  |TAMS 0x0000000086100000, 0x0000000086100000| Untracked 
|  44|0x0000000086200000, 0x0000000086200000, 0x0000000086300000|  0%| F|  |TAMS 0x0000000086200000, 0x0000000086200000| Untracked 
|  45|0x0000000086300000, 0x0000000086300000, 0x0000000086400000|  0%| F|  |TAMS 0x0000000086300000, 0x0000000086300000| Untracked 
|  46|0x0000000086400000, 0x0000000086400000, 0x0000000086500000|  0%| F|  |TAMS 0x0000000086400000, 0x0000000086400000| Untracked 
|  47|0x0000000086500000, 0x0000000086500000, 0x0000000086600000|  0%| F|  |TAMS 0x0000000086500000, 0x0000000086500000| Untracked 
|  48|0x0000000086600000, 0x0000000086600000, 0x0000000086700000|  0%| F|  |TAMS 0x0000000086600000, 0x0000000086600000| Untracked 
|  49|0x0000000086700000, 0x0000000086700000, 0x0000000086800000|  0%| F|  |TAMS 0x0000000086700000, 0x0000000086700000| Untracked 
|  50|0x0000000086800000, 0x0000000086800000, 0x0000000086900000|  0%| F|  |TAMS 0x0000000086800000, 0x0000000086800000| Untracked 
|  51|0x0000000086900000, 0x0000000086900000, 0x0000000086a00000|  0%| F|  |TAMS 0x0000000086900000, 0x0000000086900000| Untracked 
|  52|0x0000000086a00000, 0x0000000086a00000, 0x0000000086b00000|  0%| F|  |TAMS 0x0000000086a00000, 0x0000000086a00000| Untracked 
|  53|0x0000000086b00000, 0x0000000086b00000, 0x0000000086c00000|  0%| F|  |TAMS 0x0000000086b00000, 0x0000000086b00000| Untracked 
|  54|0x0000000086c00000, 0x0000000086c00000, 0x0000000086d00000|  0%| F|  |TAMS 0x0000000086c00000, 0x0000000086c00000| Untracked 
|  55|0x0000000086d00000, 0x0000000086d00000, 0x0000000086e00000|  0%| F|  |TAMS 0x0000000086d00000, 0x0000000086d00000| Untracked 
|  56|0x0000000086e00000, 0x0000000086e00000, 0x0000000086f00000|  0%| F|  |TAMS 0x0000000086e00000, 0x0000000086e00000| Untracked 
|  57|0x0000000086f00000, 0x0000000086f00000, 0x0000000087000000|  0%| F|  |TAMS 0x0000000086f00000, 0x0000000086f00000| Untracked 
|  58|0x0000000087000000, 0x0000000087000000, 0x0000000087100000|  0%| F|  |TAMS 0x0000000087000000, 0x0000000087000000| Untracked 
|  59|0x0000000087100000, 0x0000000087100000, 0x0000000087200000|  0%| F|  |TAMS 0x0000000087100000, 0x0000000087100000| Untracked 
|  60|0x0000000087200000, 0x0000000087200000, 0x0000000087300000|  0%| F|  |TAMS 0x0000000087200000, 0x0000000087200000| Untracked 
|  61|0x0000000087300000, 0x0000000087300000, 0x0000000087400000|  0%| F|  |TAMS 0x0000000087300000, 0x0000000087300000| Untracked 
|  62|0x0000000087400000, 0x0000000087400000, 0x0000000087500000|  0%| F|  |TAMS 0x0000000087400000, 0x0000000087400000| Untracked 
|  63|0x0000000087500000, 0x0000000087500000, 0x0000000087600000|  0%| F|  |TAMS 0x0000000087500000, 0x0000000087500000| Untracked 
|  64|0x0000000087600000, 0x0000000087600000, 0x0000000087700000|  0%| F|  |TAMS 0x0000000087600000, 0x0000000087600000| Untracked 
|  65|0x0000000087700000, 0x0000000087700000, 0x0000000087800000|  0%| F|  |TAMS 0x0000000087700000, 0x0000000087700000| Untracked 
|  66|0x0000000087800000, 0x0000000087800000, 0x0000000087900000|  0%| F|  |TAMS 0x0000000087800000, 0x0000000087800000| Untracked 
|  67|0x0000000087900000, 0x0000000087900000, 0x0000000087a00000|  0%| F|  |TAMS 0x0000000087900000, 0x0000000087900000| Untracked 
|  68|0x0000000087a00000, 0x0000000087a00000, 0x0000000087b00000|  0%| F|  |TAMS 0x0000000087a00000, 0x0000000087a00000| Untracked 
|  69|0x0000000087b00000, 0x0000000087b00000, 0x0000000087c00000|  0%| F|  |TAMS 0x0000000087b00000, 0x0000000087b00000| Untracked 
|  70|0x0000000087c00000, 0x0000000087c00000, 0x0000000087d00000|  0%| F|  |TAMS 0x0000000087c00000, 0x0000000087c00000| Untracked 
|  71|0x0000000087d00000, 0x0000000087d00000, 0x0000000087e00000|  0%| F|  |TAMS 0x0000000087d00000, 0x0000000087d00000| Untracked 
|  72|0x0000000087e00000, 0x0000000087e00000, 0x0000000087f00000|  0%| F|  |TAMS 0x0000000087e00000, 0x0000000087e00000| Untracked 
|  73|0x0000000087f00000, 0x0000000087f00000, 0x0000000088000000|  0%| F|  |TAMS 0x0000000087f00000, 0x0000000087f00000| Untracked 
|  74|0x0000000088000000, 0x0000000088000000, 0x0000000088100000|  0%| F|  |TAMS 0x0000000088000000, 0x0000000088000000| Untracked 
|  75|0x0000000088100000, 0x0000000088100000, 0x0000000088200000|  0%| F|  |TAMS 0x0000000088100000, 0x0000000088100000| Untracked 
|  76|0x0000000088200000, 0x0000000088200000, 0x0000000088300000|  0%| F|  |TAMS 0x0000000088200000, 0x0000000088200000| Untracked 
|  77|0x0000000088300000, 0x0000000088300000, 0x0000000088400000|  0%| F|  |TAMS 0x0000000088300000, 0x0000000088300000| Untracked 
|  78|0x0000000088400000, 0x0000000088400000, 0x0000000088500000|  0%| F|  |TAMS 0x0000000088400000, 0x0000000088400000| Untracked 
|  79|0x0000000088500000, 0x0000000088500000, 0x0000000088600000|  0%| F|  |TAMS 0x0000000088500000, 0x0000000088500000| Untracked 
|  80|0x0000000088600000, 0x0000000088600000, 0x0000000088700000|  0%| F|  |TAMS 0x0000000088600000, 0x0000000088600000| Untracked 
|  81|0x0000000088700000, 0x0000000088700000, 0x0000000088800000|  0%| F|  |TAMS 0x0000000088700000, 0x0000000088700000| Untracked 
|  82|0x0000000088800000, 0x0000000088800000, 0x0000000088900000|  0%| F|  |TAMS 0x0000000088800000, 0x0000000088800000| Untracked 
|  83|0x0000000088900000, 0x0000000088900000, 0x0000000088a00000|  0%| F|  |TAMS 0x0000000088900000, 0x0000000088900000| Untracked 
|  84|0x0000000088a00000, 0x0000000088a00000, 0x0000000088b00000|  0%| F|  |TAMS 0x0000000088a00000, 0x0000000088a00000| Untracked 
|  85|0x0000000088b00000, 0x0000000088b00000, 0x0000000088c00000|  0%| F|  |TAMS 0x0000000088b00000, 0x0000000088b00000| Untracked 
|  86|0x0000000088c00000, 0x0000000088c00000, 0x0000000088d00000|  0%| F|  |TAMS 0x0000000088c00000, 0x0000000088c00000| Untracked 
|  87|0x0000000088d00000, 0x0000000088d00000, 0x0000000088e00000|  0%| F|  |TAMS 0x0000000088d00000, 0x0000000088d00000| Untracked 
|  88|0x0000000088e00000, 0x0000000088e00000, 0x0000000088f00000|  0%| F|  |TAMS 0x0000000088e00000, 0x0000000088e00000| Untracked 
|  89|0x0000000088f00000, 0x0000000088f00000, 0x0000000089000000|  0%| F|  |TAMS 0x0000000088f00000, 0x0000000088f00000| Untracked 
|  90|0x0000000089000000, 0x0000000089000000, 0x0000000089100000|  0%| F|  |TAMS 0x0000000089000000, 0x0000000089000000| Untracked 
|  91|0x0000000089100000, 0x0000000089100000, 0x0000000089200000|  0%| F|  |TAMS 0x0000000089100000, 0x0000000089100000| Untracked 
|  92|0x0000000089200000, 0x0000000089200000, 0x0000000089300000|  0%| F|  |TAMS 0x0000000089200000, 0x0000000089200000| Untracked 
|  93|0x0000000089300000, 0x0000000089300000, 0x0000000089400000|  0%| F|  |TAMS 0x0000000089300000, 0x0000000089300000| Untracked 
|  94|0x0000000089400000, 0x0000000089400000, 0x0000000089500000|  0%| F|  |TAMS 0x0000000089400000, 0x0000000089400000| Untracked 
|  95|0x0000000089500000, 0x0000000089500000, 0x0000000089600000|  0%| F|  |TAMS 0x0000000089500000, 0x0000000089500000| Untracked 
|  96|0x0000000089600000, 0x0000000089600000, 0x0000000089700000|  0%| F|  |TAMS 0x0000000089600000, 0x0000000089600000| Untracked 
|  97|0x0000000089700000, 0x0000000089700000, 0x0000000089800000|  0%| F|  |TAMS 0x0000000089700000, 0x0000000089700000| Untracked 
|  98|0x0000000089800000, 0x0000000089800000, 0x0000000089900000|  0%| F|  |TAMS 0x0000000089800000, 0x0000000089800000| Untracked 
|  99|0x0000000089900000, 0x0000000089900000, 0x0000000089a00000|  0%| F|  |TAMS 0x0000000089900000, 0x0000000089900000| Untracked 
| 100|0x0000000089a00000, 0x0000000089a00000, 0x0000000089b00000|  0%| F|  |TAMS 0x0000000089a00000, 0x0000000089a00000| Untracked 
| 101|0x0000000089b00000, 0x0000000089b00000, 0x0000000089c00000|  0%| F|  |TAMS 0x0000000089b00000, 0x0000000089b00000| Untracked 
| 102|0x0000000089c00000, 0x0000000089c00000, 0x0000000089d00000|  0%| F|  |TAMS 0x0000000089c00000, 0x0000000089c00000| Untracked 
| 103|0x0000000089d00000, 0x0000000089d00000, 0x0000000089e00000|  0%| F|  |TAMS 0x0000000089d00000, 0x0000000089d00000| Untracked 
| 104|0x0000000089e00000, 0x0000000089e00000, 0x0000000089f00000|  0%| F|  |TAMS 0x0000000089e00000, 0x0000000089e00000| Untracked 
| 105|0x0000000089f00000, 0x0000000089f00000, 0x000000008a000000|  0%| F|  |TAMS 0x0000000089f00000, 0x0000000089f00000| Untracked 
| 106|0x000000008a000000, 0x000000008a000000, 0x000000008a100000|  0%| F|  |TAMS 0x000000008a000000, 0x000000008a000000| Untracked 
| 107|0x000000008a100000, 0x000000008a100000, 0x000000008a200000|  0%| F|  |TAMS 0x000000008a100000, 0x000000008a100000| Untracked 
| 108|0x000000008a200000, 0x000000008a200000, 0x000000008a300000|  0%| F|  |TAMS 0x000000008a200000, 0x000000008a200000| Untracked 
| 109|0x000000008a300000, 0x000000008a300000, 0x000000008a400000|  0%| F|  |TAMS 0x000000008a300000, 0x000000008a300000| Untracked 
| 110|0x000000008a400000, 0x000000008a400000, 0x000000008a500000|  0%| F|  |TAMS 0x000000008a400000, 0x000000008a400000| Untracked 
| 111|0x000000008a500000, 0x000000008a500000, 0x000000008a600000|  0%| F|  |TAMS 0x000000008a500000, 0x000000008a500000| Untracked 
| 112|0x000000008a600000, 0x000000008a600000, 0x000000008a700000|  0%| F|  |TAMS 0x000000008a600000, 0x000000008a600000| Untracked 
| 113|0x000000008a700000, 0x000000008a700000, 0x000000008a800000|  0%| F|  |TAMS 0x000000008a700000, 0x000000008a700000| Untracked 
| 114|0x000000008a800000, 0x000000008a8ec0b8, 0x000000008a900000| 92%| E|  |TAMS 0x000000008a800000, 0x000000008a800000| Complete 
| 115|0x000000008a900000, 0x000000008aa00000, 0x000000008aa00000|100%| E|CS|TAMS 0x000000008a900000, 0x000000008a900000| Complete 
| 116|0x000000008aa00000, 0x000000008ab00000, 0x000000008ab00000|100%| E|CS|TAMS 0x000000008aa00000, 0x000000008aa00000| Complete 
| 117|0x000000008ab00000, 0x000000008ac00000, 0x000000008ac00000|100%| E|CS|TAMS 0x000000008ab00000, 0x000000008ab00000| Complete 
| 118|0x000000008ac00000, 0x000000008ad00000, 0x000000008ad00000|100%| E|CS|TAMS 0x000000008ac00000, 0x000000008ac00000| Complete 
| 119|0x000000008ad00000, 0x000000008adffef8, 0x000000008ae00000| 99%| E|  |TAMS 0x000000008ad00000, 0x000000008ad00000| Complete 
| 120|0x000000008ae00000, 0x000000008af00000, 0x000000008af00000|100%| E|CS|TAMS 0x000000008ae00000, 0x000000008ae00000| Complete 
| 121|0x000000008af00000, 0x000000008b000000, 0x000000008b000000|100%| E|CS|TAMS 0x000000008af00000, 0x000000008af00000| Complete 
| 122|0x000000008b000000, 0x000000008b100000, 0x000000008b100000|100%| E|CS|TAMS 0x000000008b000000, 0x000000008b000000| Complete 
| 123|0x000000008b100000, 0x000000008b200000, 0x000000008b200000|100%| E|CS|TAMS 0x000000008b100000, 0x000000008b100000| Complete 
| 124|0x000000008b200000, 0x000000008b300000, 0x000000008b300000|100%| E|CS|TAMS 0x000000008b200000, 0x000000008b200000| Complete 
| 125|0x000000008b300000, 0x000000008b400000, 0x000000008b400000|100%| E|CS|TAMS 0x000000008b300000, 0x000000008b300000| Complete 

Card table byte_map: [0x000001676de20000,0x000001676e210000] _byte_map_base: 0x000001676da05000

Marking Bits (Prev, Next): (CMBitMap*) 0x000001675ae3e990, (CMBitMap*) 0x000001675ae3e9d0
 Prev Bits: [0x000001676e600000, 0x0000016770528000)
 Next Bits: [0x0000016770530000, 0x0000016772458000)

Polling page: 0x0000016758d70000

Metaspace:

Usage:
  Non-class:     16.24 MB used.
      Class:      1.70 MB used.
       Both:     17.95 MB used.

Virtual space:
  Non-class space:       64.00 MB reserved,      16.31 MB ( 25%) committed,  1 nodes.
      Class space:        1.00 GB reserved,       1.81 MB ( <1%) committed,  1 nodes.
             Both:        1.06 GB reserved,      18.12 MB (  2%) committed. 

Chunk freelists:
   Non-Class:  3.00 MB
       Class:  2.22 MB
        Both:  5.22 MB

MaxMetaspaceSize: unlimited
CompressedClassSpaceSize: 1.00 GB
Initial GC threshold: 21.00 MB
Current GC threshold: 21.00 MB
CDS: off
MetaspaceReclaimPolicy: balanced
 - commit_granule_bytes: 65536.
 - commit_granule_words: 8192.
 - virtual_space_node_default_size: 8388608.
 - enlarge_chunks_in_place: 1.
 - new_chunks_are_fully_committed: 0.
 - uncommit_free_chunks: 1.
 - use_allocation_guard: 0.


Internal statistics:

num_allocs_failed_limit: 0.
num_arena_births: 200.
num_arena_deaths: 0.
num_vsnodes_births: 2.
num_vsnodes_deaths: 0.
num_space_committed: 290.
num_space_uncommitted: 0.
num_chunks_returned_to_freelist: 0.
num_chunks_taken_from_freelist: 284.
num_chunk_merges: 0.
num_chunk_splits: 168.
num_chunks_enlarged: 107.
num_inconsistent_stats: 0.

CodeHeap 'non-profiled nmethods': size=120000Kb used=357Kb max_used=357Kb free=119642Kb
 bounds [0x00000167661d0000, 0x0000016766440000, 0x000001676d700000]
CodeHeap 'profiled nmethods': size=120000Kb used=1721Kb max_used=1721Kb free=118278Kb
 bounds [0x000001675e700000, 0x000001675e970000, 0x0000016765c30000]
CodeHeap 'non-nmethods': size=5760Kb used=1407Kb max_used=1434Kb free=4352Kb
 bounds [0x0000016765c30000, 0x0000016765ea0000, 0x00000167661d0000]
 total_blobs=1807 nmethods=1159 adapters=559
 compilation: enabled
              stopped_count=0, restarted_count=0
 full_count=0

Compilation events (20 events):
Event: 0.957 Thread 0x000001677904a820 nmethod 1146 0x000001675e8a4610 code [0x000001675e8a47c0, 0x000001675e8a4a38]
Event: 0.957 Thread 0x000001677904a820 1147       3       sun.java2d.marlin.MarlinTileGenerator::nextTile (72 bytes)
Event: 0.958 Thread 0x000001677904a820 nmethod 1147 0x000001675e8a4b90 code [0x000001675e8a4d40, 0x000001675e8a4f28]
Event: 0.959 Thread 0x000001677904a2a0 nmethod 1133% 0x0000016766226590 code [0x0000016766226760, 0x0000016766226e58]
Event: 0.960 Thread 0x000001677904a820 1148 %     3       java.util.Arrays::fill @ 10 (28 bytes)
Event: 0.960 Thread 0x000001677904a820 nmethod 1148% 0x000001675e8a5010 code [0x000001675e8a51c0, 0x000001675e8a5488]
Event: 0.960 Thread 0x000001677904a820 1149       3       javax.swing.JComponent::getFlag (20 bytes)
Event: 0.960 Thread 0x000001677904a820 nmethod 1149 0x000001675e8a5610 code [0x000001675e8a57a0, 0x000001675e8a5918]
Event: 0.960 Thread 0x000001677904a820 1150       3       sun.java2d.marlin.Renderer::addLine (538 bytes)
Event: 0.960 Thread 0x000001677904a2a0 1151       4       jdk.internal.misc.Unsafe::getByte (7 bytes)
Event: 0.961 Thread 0x000001677904a2a0 nmethod 1151 0x0000016766227190 code [0x0000016766227300, 0x0000016766227378]
Event: 0.961 Thread 0x000001677904a2a0 1153       4       java.awt.GradientPaintContext::clipFillRaster (150 bytes)
Event: 0.961 Thread 0x000001677904a820 nmethod 1150 0x000001675e8a5990 code [0x000001675e8a5c40, 0x000001675e8a68d8]
Event: 0.961 Thread 0x000001677904a820 1152       3       java.util.Arrays::fill (28 bytes)
Event: 0.962 Thread 0x000001677904a820 nmethod 1152 0x000001675e8a6f90 code [0x000001675e8a7140, 0x000001675e8a7368]
Event: 0.964 Thread 0x000001677904a820 1154       3       sun.java2d.marlin.MarlinTileGenerator::getAlphaRLE (1749 bytes)
Event: 0.968 Thread 0x000001677904a820 nmethod 1154 0x000001675e8a7490 code [0x000001675e8a7940, 0x000001675e8aaae8]
Event: 0.968 Thread 0x000001677904a820 1157       3       java.awt.geom.AffineTransform::equals (92 bytes)
Event: 0.968 Thread 0x000001677904a820 nmethod 1157 0x000001675e8acc90 code [0x000001675e8ace60, 0x000001675e8ad438]
Event: 0.968 Thread 0x000001677904a820 1158   !   3       sun.font.TrueTypeGlyphMapper::getGlyphFromCMAP (71 bytes)

GC Heap History (0 events):
No events

Dll operation events (12 events):
Event: 0.010 Loaded shared library C:\Users\Admin\.p2\pool\plugins\org.eclipse.justj.openjdk.hotspot.jre.full.win32.x86_64_19.0.0.v20221005-1658\jre\bin\java.dll
Event: 0.023 Loaded shared library C:\Users\Admin\.p2\pool\plugins\org.eclipse.justj.openjdk.hotspot.jre.full.win32.x86_64_19.0.0.v20221005-1658\jre\bin\zip.dll
Event: 0.206 Loaded shared library C:\Users\Admin\.p2\pool\plugins\org.eclipse.justj.openjdk.hotspot.jre.full.win32.x86_64_19.0.0.v20221005-1658\jre\bin\jimage.dll
Event: 0.229 Loaded shared library C:\Users\Admin\.p2\pool\plugins\org.eclipse.justj.openjdk.hotspot.jre.full.win32.x86_64_19.0.0.v20221005-1658\jre\bin\net.dll
Event: 0.232 Loaded shared library C:\Users\Admin\.p2\pool\plugins\org.eclipse.justj.openjdk.hotspot.jre.full.win32.x86_64_19.0.0.v20221005-1658\jre\bin\nio.dll
Event: 0.237 Loaded shared library C:\Users\Admin\.p2\pool\plugins\org.eclipse.justj.openjdk.hotspot.jre.full.win32.x86_64_19.0.0.v20221005-1658\jre\bin\zip.dll
Event: 0.260 Loaded shared library C:\Users\Admin\.p2\pool\plugins\org.eclipse.justj.openjdk.hotspot.jre.full.win32.x86_64_19.0.0.v20221005-1658\jre\bin\awt.dll
Event: 0.616 Loaded shared library C:\Users\Admin\.p2\pool\plugins\org.eclipse.justj.openjdk.hotspot.jre.full.win32.x86_64_19.0.0.v20221005-1658\jre\bin\verify.dll
Event: 0.688 Loaded shared library C:\Users\Admin\.p2\pool\plugins\org.eclipse.justj.openjdk.hotspot.jre.full.win32.x86_64_19.0.0.v20221005-1658\jre\bin\javajpeg.dll
Event: 0.691 Loaded shared library C:\Users\Admin\.p2\pool\plugins\org.eclipse.justj.openjdk.hotspot.jre.full.win32.x86_64_19.0.0.v20221005-1658\jre\bin\lcms.dll
Event: 0.751 Loaded shared library C:\Users\Admin\.p2\pool\plugins\org.eclipse.justj.openjdk.hotspot.jre.full.win32.x86_64_19.0.0.v20221005-1658\jre\bin\freetype.dll
Event: 0.752 Loaded shared library C:\Users\Admin\.p2\pool\plugins\org.eclipse.justj.openjdk.hotspot.jre.full.win32.x86_64_19.0.0.v20221005-1658\jre\bin\fontmanager.dll

Deoptimization events (20 events):
Event: 0.891 Thread 0x00000167794bcf60 Uncommon trap: reason=unstable_if action=reinterpret pc=0x0000016766201dd4 method=java.lang.invoke.VarHandle.checkAccessModeThenIsDirect(Ljava/lang/invoke/VarHandle$AccessDescriptor;)Z @ 4 c2
Event: 0.891 Thread 0x00000167794bcf60 DEOPT PACKING pc=0x0000016766201dd4 sp=0x0000000b068feb10
Event: 0.891 Thread 0x00000167794bcf60 DEOPT UNPACKING pc=0x0000016765c9a5a3 sp=0x0000000b068fea78 mode 2
Event: 0.961 Thread 0x00000167794bcf60 DEOPT PACKING pc=0x000001675e8a258f sp=0x0000000b068fcf90
Event: 0.961 Thread 0x00000167794bcf60 DEOPT UNPACKING pc=0x0000016765c9b0e3 sp=0x0000000b068fc438 mode 0
Event: 0.961 Thread 0x00000167794bcf60 DEOPT PACKING pc=0x000001675e8a258f sp=0x0000000b068fcf90
Event: 0.961 Thread 0x00000167794bcf60 DEOPT UNPACKING pc=0x0000016765c9b0e3 sp=0x0000000b068fc438 mode 0
Event: 0.962 Thread 0x00000167794bcf60 DEOPT PACKING pc=0x000001675e8a258f sp=0x0000000b068fcf90
Event: 0.962 Thread 0x00000167794bcf60 DEOPT UNPACKING pc=0x0000016765c9b0e3 sp=0x0000000b068fc438 mode 0
Event: 0.962 Thread 0x00000167794bcf60 DEOPT PACKING pc=0x000001675e8a258f sp=0x0000000b068fcf90
Event: 0.962 Thread 0x00000167794bcf60 DEOPT UNPACKING pc=0x0000016765c9b0e3 sp=0x0000000b068fc438 mode 0
Event: 0.962 Thread 0x00000167794bcf60 DEOPT PACKING pc=0x000001675e8a258f sp=0x0000000b068fcf90
Event: 0.962 Thread 0x00000167794bcf60 DEOPT UNPACKING pc=0x0000016765c9b0e3 sp=0x0000000b068fc438 mode 0
Event: 0.966 Thread 0x00000167794bcf60 Uncommon trap: trap_request=0xffffff45 fr.pc=0x00000167662067b0 relative=0x0000000000000290
Event: 0.966 Thread 0x00000167794bcf60 Uncommon trap: reason=unstable_if action=reinterpret pc=0x00000167662067b0 method=java.lang.invoke.VarHandle.checkAccessModeThenIsDirect(Ljava/lang/invoke/VarHandle$AccessDescriptor;)Z @ 4 c2
Event: 0.966 Thread 0x00000167794bcf60 DEOPT PACKING pc=0x00000167662067b0 sp=0x0000000b068fcc60
Event: 0.966 Thread 0x00000167794bcf60 DEOPT UNPACKING pc=0x0000016765c9a5a3 sp=0x0000000b068fcc40 mode 2
Event: 0.968 Thread 0x00000167794bcf60 DEOPT PACKING pc=0x000001675e8a258f sp=0x0000000b068fcf90
Event: 0.968 Thread 0x00000167794bcf60 DEOPT UNPACKING pc=0x0000016765c9b0e3 sp=0x0000000b068fc438 mode 0
Event: 0.968 Thread 0x00000167794bcf60 DEOPT PACKING pc=0x000001675e8a258f sp=0x0000000b068fcf90

Classes loaded (20 events):
Event: 0.944 Loading class java/awt/GradientPaintContext
Event: 0.944 Loading class java/awt/PaintContext
Event: 0.944 Loading class java/awt/PaintContext done
Event: 0.944 Loading class java/awt/GradientPaintContext done
Event: 0.944 Loading class java/awt/geom/Point2D$Double
Event: 0.944 Loading class java/awt/geom/Point2D$Double done
Event: 0.944 Loading class sun/java2d/pipe/AlphaPaintPipe$TileContext
Event: 0.944 Loading class sun/java2d/pipe/AlphaPaintPipe$TileContext done
Event: 0.953 Loading class java/awt/geom/Line2D
Event: 0.953 Loading class java/awt/geom/Line2D done
Event: 0.954 Loading class java/lang/FdLibm$Cbrt
Event: 0.954 Loading class java/lang/FdLibm$Cbrt done
Event: 0.954 Loading class java/lang/FdLibm
Event: 0.954 Loading class java/lang/FdLibm done
Event: 0.965 Loading class java/awt/print/PrinterGraphics
Event: 0.965 Loading class java/awt/print/PrinterGraphics done
Event: 0.965 Loading class java/awt/PrintGraphics
Event: 0.965 Loading class java/awt/PrintGraphics done
Event: 0.965 Loading class sun/java2d/loops/FontInfo
Event: 0.965 Loading class sun/java2d/loops/FontInfo done

Classes unloaded (0 events):
No events

Classes redefined (0 events):
No events

Internal exceptions (20 events):
Event: 0.459 Thread 0x00000167794bcf60 Exception <a 'java/lang/ClassNotFoundException'{0x000000008aff1ae0}: com/sun/swing/internal/plaf/metal/resources/spi/metalProvider> (0x000000008aff1ae0) 
thrown [s\src\hotspot\share\classfile\systemDictionary.cpp, line 255]
Event: 0.461 Thread 0x00000167794bcf60 Exception <a 'java/lang/ClassNotFoundException'{0x000000008aff5b68}: com/sun/swing/internal/plaf/basic/resources/spi/basicProvider> (0x000000008aff5b68) 
thrown [s\src\hotspot\share\classfile\systemDictionary.cpp, line 255]
Event: 0.476 Thread 0x00000167794bcf60 Exception <a 'java/lang/NoSuchMethodError'{0x000000008ae16408}: 'int java.lang.invoke.Invokers$Holder.invokeExact_MT(java.lang.Object, java.lang.Object)'> (0x000000008ae16408) 
thrown [s\src\hotspot\share\interpreter\linkResolver.cpp, line 774]
Event: 0.489 Thread 0x00000167794bcf60 Exception <a 'java/lang/NoSuchMethodError'{0x000000008ae3d8f8}: 'void java.lang.invoke.Invokers$Holder.invokeExact_MT(java.lang.Object, java.lang.Object, java.lang.Object, java.lang.Object)'> (0x000000008ae3d8f8) 
thrown [s\src\hotspot\share\interpreter\linkResolver.cpp, line 774]
Event: 0.626 Thread 0x00000167794bcf60 Exception <a 'java/lang/ClassNotFoundException'{0x000000008ac77478}: java/lang/ObjectCustomizer> (0x000000008ac77478) 
thrown [s\src\hotspot\share\classfile\systemDictionary.cpp, line 255]
Event: 0.631 Thread 0x00000167794bcf60 Exception <a 'java/lang/NoSuchMethodError'{0x000000008ac7ecd0}: 'java.lang.Object java.lang.invoke.DirectMethodHandle$Holder.invokeInterface(java.lang.Object, java.lang.Object)'> (0x000000008ac7ecd0) 
thrown [s\src\hotspot\share\interpreter\linkResolver.cpp, line 774]
Event: 0.631 Thread 0x00000167794bcf60 Exception <a 'java/lang/IncompatibleClassChangeError'{0x000000008ac82570}: Found class java.lang.Object, but interface was expected> (0x000000008ac82570) 
thrown [s\src\hotspot\share\interpreter\linkResolver.cpp, line 841]
Event: 0.645 Thread 0x00000167794bcf60 Exception <a 'java/lang/ClassNotFoundException'{0x000000008ab3a0c0}: net/miginfocom/layout/UnitValueCustomizer> (0x000000008ab3a0c0) 
thrown [s\src\hotspot\share\classfile\systemDictionary.cpp, line 255]
Event: 0.650 Thread 0x00000167794bcf60 Exception <a 'java/lang/ClassNotFoundException'{0x000000008ab4da98}: java/lang/ObjectCustomizer> (0x000000008ab4da98) 
thrown [s\src\hotspot\share\classfile\systemDictionary.cpp, line 255]
Event: 0.651 Thread 0x00000167794bcf60 Exception <a 'java/lang/ClassNotFoundException'{0x000000008ab52d20}: net/miginfocom/layout/BoundSizeCustomizer> (0x000000008ab52d20) 
thrown [s\src\hotspot\share\classfile\systemDictionary.cpp, line 255]
Event: 0.661 Thread 0x00000167794bcf60 Exception <a 'java/lang/NoSuchMethodError'{0x000000008ab8dca0}: 'int java.lang.invoke.DirectMethodHandle$Holder.invokeSpecial(java.lang.Object, java.lang.Object, java.lang.Object)'> (0x000000008ab8dca0) 
thrown [s\src\hotspot\share\interpreter\linkResolver.cpp, line 774]
Event: 0.661 Thread 0x00000167794bcf60 Exception <a 'java/lang/NoSuchMethodError'{0x000000008ab989c8}: 'void java.lang.invoke.DelegatingMethodHandle$Holder.reinvoke_L(java.lang.Object, java.lang.Object, int)'> (0x000000008ab989c8) 
thrown [s\src\hotspot\share\interpreter\linkResolver.cpp, line 774]
Event: 0.711 Thread 0x00000167794bcf60 Exception <a 'javax/imageio/IIOException'{0x000000008aa0fc48}: Insufficient memory (case 4)> (0x000000008aa0fc48) 
thrown [s\src\hotspot\share\prims\jni.cpp, line 536]
Event: 0.726 Thread 0x00000167794b9c50 Exception <a 'java/lang/NoSuchMethodError'{0x000000008b00f948}: 'void java.lang.invoke.DirectMethodHandle$Holder.invokeVirtual(java.lang.Object, java.lang.Object)'> (0x000000008b00f948) 
thrown [s\src\hotspot\share\interpreter\linkResolver.cpp, line 774]
Event: 0.745 Thread 0x00000167794bcf60 Exception <a 'java/lang/NoSuchMethodError'{0x000000008aa3ac18}: 'void java.lang.invoke.DirectMethodHandle$Holder.invokeStaticInit(java.lang.Object)'> (0x000000008aa3ac18) 
thrown [s\src\hotspot\share\interpreter\linkResolver.cpp, line 774]
Event: 0.826 Thread 0x00000167794bcf60 Exception <a 'java/lang/NoSuchMethodError'{0x000000008aae45e8}: 'int java.lang.invoke.DirectMethodHandle$Holder.invokeVirtual(java.lang.Object, java.lang.Object)'> (0x000000008aae45e8) 
thrown [s\src\hotspot\share\interpreter\linkResolver.cpp, line 774]
Event: 0.831 Thread 0x00000167794bcf60 Exception <a 'java/lang/NoSuchMethodError'{0x000000008aaf7e60}: 'int java.lang.invoke.DirectMethodHandle$Holder.invokeSpecial(java.lang.Object, java.lang.Object, java.lang.Object, int)'> (0x000000008aaf7e60) 
thrown [s\src\hotspot\share\interpreter\linkResolver.cpp, line 774]
Event: 0.833 Thread 0x00000167794bcf60 Exception <a 'java/lang/NoSuchMethodError'{0x000000008a90a9c8}: 'java.lang.Object java.lang.invoke.DirectMethodHandle$Holder.invokeStatic(java.lang.Object, java.lang.Object, java.lang.Object, java.lang.Object, int)'> (0x000000008a90a9c8) 
thrown [s\src\hotspot\share\interpreter\linkResolver.cpp, line 774]
Event: 0.835 Thread 0x00000167794bcf60 Exception <a 'java/lang/NoSuchMethodError'{0x000000008a915f50}: 'int java.lang.invoke.DelegatingMethodHandle$Holder.reinvoke_L(java.lang.Object, java.lang.Object, int, int)'> (0x000000008a915f50) 
thrown [s\src\hotspot\share\interpreter\linkResolver.cpp, line 774]
Event: 0.836 Thread 0x00000167794bcf60 Exception <a 'java/lang/NoSuchMethodError'{0x000000008a924bd8}: 'java.lang.Object java.lang.invoke.Invokers$Holder.invokeExact_MT(java.lang.Object, java.lang.Object, java.lang.Object, java.lang.Object, java.lang.Object)'> (0x000000008a924bd8) 
thrown [s\src\hotspot\share\interpreter\linkResolver.cpp, line 774]

VM Operations (12 events):
Event: 0.353 Executing VM operation: HandshakeAllThreads
Event: 0.353 Executing VM operation: HandshakeAllThreads done
Event: 0.458 Executing VM operation: HandshakeAllThreads
Event: 0.458 Executing VM operation: HandshakeAllThreads done
Event: 0.506 Executing VM operation: HandshakeAllThreads
Event: 0.506 Executing VM operation: HandshakeAllThreads done
Event: 0.510 Executing VM operation: HandshakeAllThreads
Event: 0.510 Executing VM operation: HandshakeAllThreads done
Event: 0.686 Executing VM operation: HandshakeAllThreads
Event: 0.686 Executing VM operation: HandshakeAllThreads done
Event: 0.792 Executing VM operation: HandshakeAllThreads
Event: 0.792 Executing VM operation: HandshakeAllThreads done

Events (20 events):
Event: 0.058 Thread 0x000001675addf870 Thread added: 0x000001675addf870
Event: 0.089 Thread 0x000001677905d430 Thread added: 0x000001677905d430
Event: 0.090 Thread 0x000001677905e450 Thread added: 0x000001677905e450
Event: 0.091 Thread 0x000001677907a120 Thread added: 0x000001677907a120
Event: 0.091 Thread 0x000001677907ba60 Thread added: 0x000001677907ba60
Event: 0.091 Thread 0x000001677907c5c0 Thread added: 0x000001677907c5c0
Event: 0.091 Thread 0x00000167790436b0 Thread added: 0x00000167790436b0
Event: 0.091 Thread 0x000001677904a2a0 Thread added: 0x000001677904a2a0
Event: 0.091 Thread 0x000001677904a820 Thread added: 0x000001677904a820
Event: 0.091 Thread 0x000001677907ef00 Thread added: 0x000001677907ef00
Event: 0.127 Thread 0x00000167791f3e10 Thread added: 0x00000167791f3e10
Event: 0.135 Thread 0x00000167791f7370 Thread added: 0x00000167791f7370
Event: 0.328 Thread 0x00000167794b7f60 Thread added: 0x00000167794b7f60
Event: 0.329 Thread 0x00000167794b84a0 Thread added: 0x00000167794b84a0
Event: 0.333 Thread 0x00000167794b9c50 Thread added: 0x00000167794b9c50
Event: 0.355 Thread 0x00000167794bcf60 Thread added: 0x00000167794bcf60
Event: 0.355 Thread 0x000001675addf870 Thread exited: 0x000001675addf870
Event: 0.355 Thread 0x000001675addf870 Thread added: 0x000001675addf870
Event: 0.564 Thread 0x0000016779599c70 Thread added: 0x0000016779599c70
Event: 0.875 Thread 0x00000167797ae3c0 Thread added: 0x00000167797ae3c0


Dynamic libraries:
0x00007ff7c0c50000 - 0x00007ff7c0c5e000 	C:\Users\Admin\.p2\pool\plugins\org.eclipse.justj.openjdk.hotspot.jre.full.win32.x86_64_19.0.0.v20221005-1658\jre\bin\javaw.exe
0x00007ffad7330000 - 0x00007ffad7528000 	C:\WINDOWS\SYSTEM32\ntdll.dll
0x00007ffad5d40000 - 0x00007ffad5dfd000 	C:\WINDOWS\System32\KERNEL32.DLL
0x00007ffad4cd0000 - 0x00007ffad4fc6000 	C:\WINDOWS\System32\KERNELBASE.dll
0x00007ffad5290000 - 0x00007ffad5390000 	C:\WINDOWS\System32\ucrtbase.dll
0x00007ffaabf30000 - 0x00007ffaabf47000 	C:\Users\Admin\.p2\pool\plugins\org.eclipse.justj.openjdk.hotspot.jre.full.win32.x86_64_19.0.0.v20221005-1658\jre\bin\jli.dll
0x00007ffab1700000 - 0x00007ffab1719000 	C:\Users\Admin\.p2\pool\plugins\org.eclipse.justj.openjdk.hotspot.jre.full.win32.x86_64_19.0.0.v20221005-1658\jre\bin\VCRUNTIME140.dll
0x00007ffad5eb0000 - 0x00007ffad604e000 	C:\WINDOWS\System32\USER32.dll
0x00007ffad5260000 - 0x00007ffad5282000 	C:\WINDOWS\System32\win32u.dll
0x00007ffab95b0000 - 0x00007ffab984a000 	C:\WINDOWS\WinSxS\amd64_microsoft.windows.common-controls_6595b64144ccf1df_6.0.19041.3636_none_60b6a03d71f818d5\COMCTL32.dll
0x00007ffad5ad0000 - 0x00007ffad5afc000 	C:\WINDOWS\System32\GDI32.dll
0x00007ffad5b00000 - 0x00007ffad5b9e000 	C:\WINDOWS\System32\msvcrt.dll
0x00007ffad4b60000 - 0x00007ffad4c7a000 	C:\WINDOWS\System32\gdi32full.dll
0x00007ffad51c0000 - 0x00007ffad525d000 	C:\WINDOWS\System32\msvcp_win.dll
0x00007ffad6210000 - 0x00007ffad6240000 	C:\WINDOWS\System32\IMM32.DLL
0x00007ffad0550000 - 0x00007ffad055c000 	C:\Users\Admin\.p2\pool\plugins\org.eclipse.justj.openjdk.hotspot.jre.full.win32.x86_64_19.0.0.v20221005-1658\jre\bin\vcruntime140_1.dll
0x00007ffaa23f0000 - 0x00007ffaa2481000 	C:\Users\Admin\.p2\pool\plugins\org.eclipse.justj.openjdk.hotspot.jre.full.win32.x86_64_19.0.0.v20221005-1658\jre\bin\msvcp140.dll
0x00007ffa6ea30000 - 0x00007ffa6f721000 	C:\Users\Admin\.p2\pool\plugins\org.eclipse.justj.openjdk.hotspot.jre.full.win32.x86_64_19.0.0.v20221005-1658\jre\bin\server\jvm.dll
0x00007ffad5e00000 - 0x00007ffad5eaf000 	C:\WINDOWS\System32\ADVAPI32.dll
0x00007ffad62a0000 - 0x00007ffad633c000 	C:\WINDOWS\System32\sechost.dll
0x00007ffad5520000 - 0x00007ffad5646000 	C:\WINDOWS\System32\RPCRT4.dll
0x00007ffabab50000 - 0x00007ffabab77000 	C:\WINDOWS\SYSTEM32\WINMM.dll
0x00007ffac3fa0000 - 0x00007ffac3fa9000 	C:\WINDOWS\SYSTEM32\WSOCK32.dll
0x00007ffad7190000 - 0x00007ffad71fb000 	C:\WINDOWS\System32\WS2_32.dll
0x00007ffac9ab0000 - 0x00007ffac9aba000 	C:\WINDOWS\SYSTEM32\VERSION.dll
0x00007ffad3260000 - 0x00007ffad3272000 	C:\WINDOWS\SYSTEM32\kernel.appcore.dll
0x00007ffad04a0000 - 0x00007ffad04aa000 	C:\Users\Admin\.p2\pool\plugins\org.eclipse.justj.openjdk.hotspot.jre.full.win32.x86_64_19.0.0.v20221005-1658\jre\bin\jimage.dll
0x00007ffad2f80000 - 0x00007ffad3164000 	C:\WINDOWS\SYSTEM32\DBGHELP.DLL
0x00007ffaa7390000 - 0x00007ffaa73c4000 	C:\WINDOWS\SYSTEM32\dbgcore.DLL
0x00007ffad5130000 - 0x00007ffad51b2000 	C:\WINDOWS\System32\bcryptPrimitives.dll
0x00007ffac3f30000 - 0x00007ffac3f56000 	C:\Users\Admin\.p2\pool\plugins\org.eclipse.justj.openjdk.hotspot.jre.full.win32.x86_64_19.0.0.v20221005-1658\jre\bin\java.dll
0x00007ffaccef0000 - 0x00007ffaccf08000 	C:\Users\Admin\.p2\pool\plugins\org.eclipse.justj.openjdk.hotspot.jre.full.win32.x86_64_19.0.0.v20221005-1658\jre\bin\zip.dll
0x00007ffad6340000 - 0x00007ffad6a85000 	C:\WINDOWS\System32\SHELL32.dll
0x00007ffad2710000 - 0x00007ffad2eab000 	C:\WINDOWS\SYSTEM32\windows.storage.dll
0x00007ffad6aa0000 - 0x00007ffad6df4000 	C:\WINDOWS\System32\combase.dll
0x00007ffad4450000 - 0x00007ffad447d000 	C:\WINDOWS\SYSTEM32\Wldp.dll
0x00007ffad6e00000 - 0x00007ffad6ead000 	C:\WINDOWS\System32\SHCORE.dll
0x00007ffad61b0000 - 0x00007ffad6205000 	C:\WINDOWS\System32\shlwapi.dll
0x00007ffad4940000 - 0x00007ffad4965000 	C:\WINDOWS\SYSTEM32\profapi.dll
0x00007ffacb950000 - 0x00007ffacb963000 	C:\Users\Admin\.p2\pool\plugins\org.eclipse.justj.openjdk.hotspot.jre.full.win32.x86_64_19.0.0.v20221005-1658\jre\bin\net.dll
0x00007ffac7670000 - 0x00007ffac777a000 	C:\WINDOWS\SYSTEM32\WINHTTP.dll
0x00007ffad41b0000 - 0x00007ffad421a000 	C:\WINDOWS\system32\mswsock.dll
0x00007ffac4070000 - 0x00007ffac4086000 	C:\Users\Admin\.p2\pool\plugins\org.eclipse.justj.openjdk.hotspot.jre.full.win32.x86_64_19.0.0.v20221005-1658\jre\bin\nio.dll
0x00007ffa9fcc0000 - 0x00007ffa9fe4e000 	C:\Users\Admin\.p2\pool\plugins\org.eclipse.justj.openjdk.hotspot.jre.full.win32.x86_64_19.0.0.v20221005-1658\jre\bin\awt.dll
0x00007ffad6060000 - 0x00007ffad612d000 	C:\WINDOWS\System32\OLEAUT32.dll
0x00007ffad1f10000 - 0x00007ffad1fa0000 	C:\WINDOWS\SYSTEM32\apphelp.dll
0x00007ffad2060000 - 0x00007ffad20fe000 	C:\WINDOWS\system32\uxtheme.dll
0x00007ffad5ba0000 - 0x00007ffad5cb4000 	C:\WINDOWS\System32\MSCTF.dll
0x00007ffad6eb0000 - 0x00007ffad6fdb000 	C:\WINDOWS\System32\ole32.dll
0x00007ffad2240000 - 0x00007ffad226f000 	C:\WINDOWS\system32\DWMAPI.DLL
0x00007ffa95e70000 - 0x00007ffa95f95000 	C:\WINDOWS\system32\opengl32.dll
0x00007ffa973a0000 - 0x00007ffa973cc000 	C:\WINDOWS\SYSTEM32\GLU32.dll
0x00007ffacd1c0000 - 0x00007ffacd1d0000 	C:\Users\Admin\.p2\pool\plugins\org.eclipse.justj.openjdk.hotspot.jre.full.win32.x86_64_19.0.0.v20221005-1658\jre\bin\verify.dll
0x00007ffaa1dd0000 - 0x00007ffaa1dfd000 	C:\Users\Admin\.p2\pool\plugins\org.eclipse.justj.openjdk.hotspot.jre.full.win32.x86_64_19.0.0.v20221005-1658\jre\bin\javajpeg.dll
0x00007ffaa13e0000 - 0x00007ffaa1421000 	C:\Users\Admin\.p2\pool\plugins\org.eclipse.justj.openjdk.hotspot.jre.full.win32.x86_64_19.0.0.v20221005-1658\jre\bin\lcms.dll
0x00007ffaa1430000 - 0x00007ffaa14b6000 	C:\Users\Admin\.p2\pool\plugins\org.eclipse.justj.openjdk.hotspot.jre.full.win32.x86_64_19.0.0.v20221005-1658\jre\bin\freetype.dll
0x00007ffa93f40000 - 0x00007ffa93fe8000 	C:\Users\Admin\.p2\pool\plugins\org.eclipse.justj.openjdk.hotspot.jre.full.win32.x86_64_19.0.0.v20221005-1658\jre\bin\fontmanager.dll
0x00007ffab2db0000 - 0x00007ffab2ea9000 	C:\WINDOWS\SYSTEM32\textinputframework.dll
0x00007ffad1c50000 - 0x00007ffad1d42000 	C:\WINDOWS\System32\CoreMessaging.dll
0x00007ffad1570000 - 0x00007ffad18cb000 	C:\WINDOWS\System32\CoreUIComponents.dll
0x00007ffad3b90000 - 0x00007ffad3bc3000 	C:\WINDOWS\SYSTEM32\ntmarta.dll
0x00007ffad0580000 - 0x00007ffad06d5000 	C:\WINDOWS\SYSTEM32\wintypes.dll

dbghelp: loaded successfully - version: 4.0.5 - missing functions: none
symbol engine: initialized successfully - sym options: 0x614 - pdb path: .;C:\Users\Admin\.p2\pool\plugins\org.eclipse.justj.openjdk.hotspot.jre.full.win32.x86_64_19.0.0.v20221005-1658\jre\bin;C:\WINDOWS\SYSTEM32;C:\WINDOWS\WinSxS\amd64_microsoft.windows.common-controls_6595b64144ccf1df_6.0.19041.3636_none_60b6a03d71f818d5;C:\Users\Admin\.p2\pool\plugins\org.eclipse.justj.openjdk.hotspot.jre.full.win32.x86_64_19.0.0.v20221005-1658\jre\bin\server

VM Arguments:
jvm_args: -Dfile.encoding=UTF-8 -XX:+ShowCodeDetailsInExceptionMessages 
java_command: main.java.views.main.screens.Dashboard
java_class_path (initial): C:\Users\Admin\root\University\LAB\University\HocKy5\TTCSN\TaskTracker-BTL_TTCSN_N14\bin;C:\Users\Admin\root\University\LAB\University\HocKy5\TTCSN\TaskTracker-BTL_TTCSN_N14\miglayout15-swing.jar;C:\Users\Admin\root\University\LAB\University\HocKy5\TTCSN\TaskTracker-BTL_TTCSN_N14\jgoodies-forms-1.8.0.jar
Launcher Type: SUN_STANDARD

[Global flags]
     intx CICompilerCount                          = 4                                         {product} {ergonomic}
     uint ConcGCThreads                            = 2                                         {product} {ergonomic}
     uint G1ConcRefinementThreads                  = 8                                         {product} {ergonomic}
   size_t G1HeapRegionSize                         = 1048576                                   {product} {ergonomic}
    uintx GCDrainStackTargetSize                   = 64                                        {product} {ergonomic}
   size_t InitialHeapSize                          = 132120576                                 {product} {ergonomic}
   size_t MarkStackSize                            = 4194304                                   {product} {ergonomic}
   size_t MaxHeapSize                              = 2090860544                                {product} {ergonomic}
   size_t MaxNewSize                               = 1254096896                                {product} {ergonomic}
   size_t MinHeapDeltaBytes                        = 1048576                                   {product} {ergonomic}
   size_t MinHeapSize                              = 8388608                                   {product} {ergonomic}
    uintx NonNMethodCodeHeapSize                   = 5839372                                {pd product} {ergonomic}
    uintx NonProfiledCodeHeapSize                  = 122909434                              {pd product} {ergonomic}
    uintx ProfiledCodeHeapSize                     = 122909434                              {pd product} {ergonomic}
    uintx ReservedCodeCacheSize                    = 251658240                              {pd product} {ergonomic}
     bool SegmentedCodeCache                       = true                                      {product} {ergonomic}
     bool ShowCodeDetailsInExceptionMessages       = true                                   {manageable} {command line}
   size_t SoftMaxHeapSize                          = 2090860544                             {manageable} {ergonomic}
     bool UseCompressedClassPointers               = true                           {product lp64_product} {ergonomic}
     bool UseCompressedOops                        = true                           {product lp64_product} {ergonomic}
     bool UseG1GC                                  = true                                      {product} {ergonomic}
     bool UseLargePagesIndividualAllocation        = false                                  {pd product} {ergonomic}

Logging:
Log output configuration:
 #0: stdout all=warning uptime,level,tags foldmultilines=false
 #1: stderr all=off uptime,level,tags foldmultilines=false

Environment Variables:
JAVA_HOME=C:\Users\Admin\root\Program Files\Amazon Corretto\jdk11.0.16_9
PATH=C:/Users/Admin/.p2/pool/plugins/org.eclipse.justj.openjdk.hotspot.jre.full.win32.x86_64_19.0.0.v20221005-1658/jre/bin/server;C:/Users/Admin/.p2/pool/plugins/org.eclipse.justj.openjdk.hotspot.jre.full.win32.x86_64_19.0.0.v20221005-1658/jre/bin;C:\Program Files\Python311\Scripts\;C:\Program Files\Python311\;C:\Program Files (x86)\VMware\VMware Workstation\bin\;C:\Program Files\Common Files\Oracle\Java\javapath;C:\Users\Admin\root\Program Files\Amazon Corretto\jdk11.0.16_9\bin;C:\windows\system32;C:\windows;C:\windows\System32\Wbem;C:\windows\System32\WindowsPowerShell\v1.0\;C:\windows\System32\OpenSSH\;C:\Program Files\mingw-w64\mingw64\bin;C:\Program Files (x86)\NVIDIA Corporation\PhysX\Common;C:\Program Files\NVIDIA Corporation\NVIDIA NvDLISR;C:\WINDOWS\system32;C:\WINDOWS;C:\WINDOWS\System32\Wbem;C:\WINDOWS\System32\WindowsPowerShell\v1.0\;C:\WINDOWS\System32\OpenSSH\;C:\Program Files\Git\cmd;C:\Program Files (x86)\Microsoft SQL Server\150\DTS\Binn\;C:\Program Files\Azure Data Studio\bin;C:\Program Files (x86)\Microsoft SQL Server\160\Tools\Binn\;C:\Program Files\Microsoft SQL Server\160\Tools\Binn\;C:\Program Files\Microsoft SQL Server\Client SDK\ODBC\170\Tools\Binn\;C:\Program Files\Microsoft SQL Server\160\DTS\Binn\;C:\Users\Admin\root\Program Files\;C:\Program Files (x86)\Rational\common;C:\Program Files\dotnet\;C:\Program Files\Microsoft SQL Server\150\Tools\Binn\;C:\Program Files\Microsoft SQL Server\130\Tools\Binn\;C:\Users\Admin\AppData\Local\Microsoft\WindowsApps;C:\Users\Admin\AppData\Local\Programs\Microsoft VS Code\bin;C:\Users\Admin\Desktop\Applications - User\Convert PDF to LaTex\MiKTeX\miktex\bin\x64\;C:\Users\Admin\root\Program Files\PATH_Programs;C:\Program Files\Azure Data Studio\bin;C:\Users\Admin\AppData\Roaming\npm;C:\Users\Admin\.dotnet\tools;C:\Program Files\JetBrains\PyCharm Community Edition 2023.2.1\bin;;C:\Program Files\Tesseract-OCR;;C:\WINDOWS\system32;
USERNAME=Admin
TMPDIR=C:\Users\Public\Documents\Wondershare\CreatorTemp
OS=Windows_NT
PROCESSOR_IDENTIFIER=Intel64 Family 6 Model 126 Stepping 5, GenuineIntel
TMP=C:\Users\Admin\AppData\Local\Temp
TEMP=C:\Users\Admin\AppData\Local\Temp



---------------  S Y S T E M  ---------------

OS:
 Windows 10 , 64 bit Build 19041 (10.0.19041.3636)
OS uptime: 1 days 21:05 hours

CPU: total 8 (initial active 8) (4 cores per cpu, 2 threads per core) family 6 model 126 stepping 5 microcode 0x56, cx8, cmov, fxsr, ht, mmx, 3dnowpref, sse, sse2, sse3, ssse3, sse4.1, sse4.2, popcnt, lzcnt, tsc, tscinvbit, avx, avx2, aes, erms, clmul, bmi1, bmi2, adx, avx512f, avx512dq, avx512cd, avx512bw, avx512vl, sha, fma, vzeroupper, avx512_vpopcntdq, avx512_vpclmulqdq, avx512_vaes, avx512_vnni, clflush, clflushopt, avx512_vbmi2, avx512_vbmi, rdtscp, rdpid, fsrm, gfni, avx512_bitalg

Memory: 4k page, system-wide physical 7973M (395M free)
TotalPageFile size 32549M (AvailPageFile size 0M)
current process WorkingSet (physical memory assigned to process): 88M, peak: 88M
current process commit charge ("private bytes"): 225M, peak: 229M

vm_info: OpenJDK 64-Bit Server VM (19+36) for windows-amd64 JRE (19+36), built on 2022-09-20T00:00:00Z by "temurin" with MS VC++ 16.7 (VS2019)

END.
